2025-06-08 11:49:02 [JavaFX Application Thread] INFO  o.h.jpa.internal.util.LogHelper - HHH000204: Processing PersistenceUnitInfo [name: logbookPU]
2025-06-08 11:49:02 [JavaFX Application Thread] INFO  org.hibernate.Version - HHH000412: Hibernate ORM core version [WORKING]
2025-06-08 11:49:02 [JavaFX Application Thread] INFO  o.h.c.i.RegionFactoryInitiator - HHH000026: Second-level cache disabled
2025-06-08 11:49:02 [JavaFX Application Thread] WARN  o.hibernate.orm.connections.pooling - HHH10001002: Using built-in connection pool (not intended for production use)
2025-06-08 11:49:02 [JavaFX Application Thread] INFO  o.hibernate.orm.connections.pooling - HHH10001005: Loaded JDBC driver class: org.h2.Driver
2025-06-08 11:49:02 [JavaFX Application Thread] INFO  o.hibernate.orm.connections.pooling - HHH10001012: Connecting with JDBC URL [jdbc:h2:mem:mydb]
2025-06-08 11:49:02 [JavaFX Application Thread] INFO  o.hibernate.orm.connections.pooling - HHH10001001: Connection properties: {}
2025-06-08 11:49:02 [JavaFX Application Thread] INFO  o.hibernate.orm.connections.pooling - HHH10001003: Autocommit mode: false
2025-06-08 11:49:02 [JavaFX Application Thread] INFO  o.hibernate.orm.connections.pooling - HHH10001115: Connection pool size: 20 (min=1)
2025-06-08 11:49:02 [JavaFX Application Thread] WARN  org.hibernate.orm.deprecation - HHH90000025: H2Dialect does not need to be specified explicitly using 'hibernate.dialect' (remove the property setting and it will be selected by default)
2025-06-08 11:49:03 [JavaFX Application Thread] INFO  o.h.e.t.j.p.i.JtaPlatformInitiator - HHH000489: No JTA platform available (set 'hibernate.transaction.jta.platform' to enable JTA platform integration)
2025-06-08 11:49:03 [JavaFX Application Thread] INFO  o.hibernate.orm.connections.access - HHH10001501: Connection obtained from JdbcConnectionAccess [org.hibernate.engine.jdbc.env.internal.JdbcEnvironmentInitiator$ConnectionProviderJdbcConnectionAccess@4a229776] for (non-JTA) DDL execution was not in auto-commit mode; the Connection 'local transaction' will be committed and the Connection will be set into auto-commit mode.
2025-06-08 11:51:46 [JavaFX Application Thread] INFO  o.h.jpa.internal.util.LogHelper - HHH000204: Processing PersistenceUnitInfo [name: logbookPU]
2025-06-08 11:51:46 [JavaFX Application Thread] INFO  org.hibernate.Version - HHH000412: Hibernate ORM core version [WORKING]
2025-06-08 11:51:46 [JavaFX Application Thread] INFO  o.h.c.i.RegionFactoryInitiator - HHH000026: Second-level cache disabled
2025-06-08 11:51:46 [JavaFX Application Thread] WARN  o.hibernate.orm.connections.pooling - HHH10001002: Using built-in connection pool (not intended for production use)
2025-06-08 11:51:46 [JavaFX Application Thread] INFO  o.hibernate.orm.connections.pooling - HHH10001005: Loaded JDBC driver class: org.h2.Driver
2025-06-08 11:51:46 [JavaFX Application Thread] INFO  o.hibernate.orm.connections.pooling - HHH10001012: Connecting with JDBC URL [jdbc:h2:mem:mydb]
2025-06-08 11:51:46 [JavaFX Application Thread] INFO  o.hibernate.orm.connections.pooling - HHH10001001: Connection properties: {}
2025-06-08 11:51:46 [JavaFX Application Thread] INFO  o.hibernate.orm.connections.pooling - HHH10001003: Autocommit mode: false
2025-06-08 11:51:46 [JavaFX Application Thread] INFO  o.hibernate.orm.connections.pooling - HHH10001115: Connection pool size: 20 (min=1)
2025-06-08 11:51:46 [JavaFX Application Thread] WARN  org.hibernate.orm.deprecation - HHH90000025: H2Dialect does not need to be specified explicitly using 'hibernate.dialect' (remove the property setting and it will be selected by default)
2025-06-08 11:51:47 [JavaFX Application Thread] INFO  o.h.e.t.j.p.i.JtaPlatformInitiator - HHH000489: No JTA platform available (set 'hibernate.transaction.jta.platform' to enable JTA platform integration)
2025-06-08 11:51:47 [JavaFX Application Thread] INFO  o.hibernate.orm.connections.access - HHH10001501: Connection obtained from JdbcConnectionAccess [org.hibernate.engine.jdbc.env.internal.JdbcEnvironmentInitiator$ConnectionProviderJdbcConnectionAccess@25d7db27] for (non-JTA) DDL execution was not in auto-commit mode; the Connection 'local transaction' will be committed and the Connection will be set into auto-commit mode.
2025-06-08 11:57:47 [JavaFX Application Thread] INFO  o.h.jpa.internal.util.LogHelper - HHH000204: Processing PersistenceUnitInfo [name: logbookPU]
2025-06-08 11:57:47 [JavaFX Application Thread] INFO  org.hibernate.Version - HHH000412: Hibernate ORM core version [WORKING]
2025-06-08 11:57:47 [JavaFX Application Thread] INFO  o.h.c.i.RegionFactoryInitiator - HHH000026: Second-level cache disabled
2025-06-08 11:57:47 [JavaFX Application Thread] WARN  o.hibernate.orm.connections.pooling - HHH10001002: Using built-in connection pool (not intended for production use)
2025-06-08 11:57:47 [JavaFX Application Thread] INFO  o.hibernate.orm.connections.pooling - HHH10001005: Loaded JDBC driver class: org.h2.Driver
2025-06-08 11:57:47 [JavaFX Application Thread] INFO  o.hibernate.orm.connections.pooling - HHH10001012: Connecting with JDBC URL [jdbc:h2:mem:mydb]
2025-06-08 11:57:47 [JavaFX Application Thread] INFO  o.hibernate.orm.connections.pooling - HHH10001001: Connection properties: {}
2025-06-08 11:57:47 [JavaFX Application Thread] INFO  o.hibernate.orm.connections.pooling - HHH10001003: Autocommit mode: false
2025-06-08 11:57:47 [JavaFX Application Thread] INFO  o.hibernate.orm.connections.pooling - HHH10001115: Connection pool size: 20 (min=1)
2025-06-08 11:57:47 [JavaFX Application Thread] WARN  org.hibernate.orm.deprecation - HHH90000025: H2Dialect does not need to be specified explicitly using 'hibernate.dialect' (remove the property setting and it will be selected by default)
2025-06-08 11:57:48 [JavaFX Application Thread] INFO  o.h.e.t.j.p.i.JtaPlatformInitiator - HHH000489: No JTA platform available (set 'hibernate.transaction.jta.platform' to enable JTA platform integration)
2025-06-08 11:57:48 [JavaFX Application Thread] INFO  o.hibernate.orm.connections.access - HHH10001501: Connection obtained from JdbcConnectionAccess [org.hibernate.engine.jdbc.env.internal.JdbcEnvironmentInitiator$ConnectionProviderJdbcConnectionAccess@186ad8be] for (non-JTA) DDL execution was not in auto-commit mode; the Connection 'local transaction' will be committed and the Connection will be set into auto-commit mode.
2025-06-08 12:02:02 [JavaFX Application Thread] INFO  o.h.jpa.internal.util.LogHelper - HHH000204: Processing PersistenceUnitInfo [name: logbookPU]
2025-06-08 12:02:02 [JavaFX Application Thread] INFO  org.hibernate.Version - HHH000412: Hibernate ORM core version [WORKING]
2025-06-08 12:02:02 [JavaFX Application Thread] INFO  o.h.c.i.RegionFactoryInitiator - HHH000026: Second-level cache disabled
2025-06-08 12:02:02 [JavaFX Application Thread] WARN  o.hibernate.orm.connections.pooling - HHH10001002: Using built-in connection pool (not intended for production use)
2025-06-08 12:02:02 [JavaFX Application Thread] INFO  o.hibernate.orm.connections.pooling - HHH10001005: Loaded JDBC driver class: org.h2.Driver
2025-06-08 12:02:02 [JavaFX Application Thread] INFO  o.hibernate.orm.connections.pooling - HHH10001012: Connecting with JDBC URL [jdbc:h2:mem:mydb]
2025-06-08 12:02:02 [JavaFX Application Thread] INFO  o.hibernate.orm.connections.pooling - HHH10001001: Connection properties: {}
2025-06-08 12:02:02 [JavaFX Application Thread] INFO  o.hibernate.orm.connections.pooling - HHH10001003: Autocommit mode: false
2025-06-08 12:02:02 [JavaFX Application Thread] INFO  o.hibernate.orm.connections.pooling - HHH10001115: Connection pool size: 20 (min=1)
2025-06-08 12:02:02 [JavaFX Application Thread] WARN  org.hibernate.orm.deprecation - HHH90000025: H2Dialect does not need to be specified explicitly using 'hibernate.dialect' (remove the property setting and it will be selected by default)
2025-06-08 12:02:02 [JavaFX Application Thread] INFO  o.hibernate.orm.connections.pooling - HHH10001008: Cleaning up connection pool [jdbc:h2:mem:mydb]
2025-06-08 12:02:37 [JavaFX Application Thread] INFO  o.h.jpa.internal.util.LogHelper - HHH000204: Processing PersistenceUnitInfo [name: logbookPU]
2025-06-08 12:02:37 [JavaFX Application Thread] INFO  org.hibernate.Version - HHH000412: Hibernate ORM core version [WORKING]
2025-06-08 12:02:37 [JavaFX Application Thread] INFO  o.h.c.i.RegionFactoryInitiator - HHH000026: Second-level cache disabled
2025-06-08 12:02:37 [JavaFX Application Thread] WARN  o.hibernate.orm.connections.pooling - HHH10001002: Using built-in connection pool (not intended for production use)
2025-06-08 12:02:37 [JavaFX Application Thread] INFO  o.hibernate.orm.connections.pooling - HHH10001005: Loaded JDBC driver class: org.h2.Driver
2025-06-08 12:02:37 [JavaFX Application Thread] INFO  o.hibernate.orm.connections.pooling - HHH10001012: Connecting with JDBC URL [jdbc:h2:mem:mydb]
2025-06-08 12:02:37 [JavaFX Application Thread] INFO  o.hibernate.orm.connections.pooling - HHH10001001: Connection properties: {}
2025-06-08 12:02:37 [JavaFX Application Thread] INFO  o.hibernate.orm.connections.pooling - HHH10001003: Autocommit mode: false
2025-06-08 12:02:37 [JavaFX Application Thread] INFO  o.hibernate.orm.connections.pooling - HHH10001115: Connection pool size: 20 (min=1)
2025-06-08 12:02:37 [JavaFX Application Thread] WARN  org.hibernate.orm.deprecation - HHH90000025: H2Dialect does not need to be specified explicitly using 'hibernate.dialect' (remove the property setting and it will be selected by default)
2025-06-08 12:02:38 [JavaFX Application Thread] INFO  o.h.e.t.j.p.i.JtaPlatformInitiator - HHH000489: No JTA platform available (set 'hibernate.transaction.jta.platform' to enable JTA platform integration)
2025-06-08 12:02:38 [JavaFX Application Thread] INFO  o.hibernate.orm.connections.access - HHH10001501: Connection obtained from JdbcConnectionAccess [org.hibernate.engine.jdbc.env.internal.JdbcEnvironmentInitiator$ConnectionProviderJdbcConnectionAccess@3ed41c3f] for (non-JTA) DDL execution was not in auto-commit mode; the Connection 'local transaction' will be committed and the Connection will be set into auto-commit mode.
2025-06-08 12:07:16 [JavaFX Application Thread] INFO  o.h.jpa.internal.util.LogHelper - HHH000204: Processing PersistenceUnitInfo [name: logbookPU]
2025-06-08 12:07:16 [JavaFX Application Thread] INFO  org.hibernate.Version - HHH000412: Hibernate ORM core version [WORKING]
2025-06-08 12:07:16 [JavaFX Application Thread] INFO  o.h.c.i.RegionFactoryInitiator - HHH000026: Second-level cache disabled
2025-06-08 12:07:16 [JavaFX Application Thread] WARN  o.hibernate.orm.connections.pooling - HHH10001002: Using built-in connection pool (not intended for production use)
2025-06-08 12:07:16 [JavaFX Application Thread] INFO  o.hibernate.orm.connections.pooling - HHH10001005: Loaded JDBC driver class: org.h2.Driver
2025-06-08 12:07:16 [JavaFX Application Thread] INFO  o.hibernate.orm.connections.pooling - HHH10001012: Connecting with JDBC URL [jdbc:h2:mem:mydb]
2025-06-08 12:07:16 [JavaFX Application Thread] INFO  o.hibernate.orm.connections.pooling - HHH10001001: Connection properties: {}
2025-06-08 12:07:16 [JavaFX Application Thread] INFO  o.hibernate.orm.connections.pooling - HHH10001003: Autocommit mode: false
2025-06-08 12:07:16 [JavaFX Application Thread] INFO  o.hibernate.orm.connections.pooling - HHH10001115: Connection pool size: 20 (min=1)
2025-06-08 12:07:16 [JavaFX Application Thread] WARN  org.hibernate.orm.deprecation - HHH90000025: H2Dialect does not need to be specified explicitly using 'hibernate.dialect' (remove the property setting and it will be selected by default)
2025-06-08 12:07:16 [JavaFX Application Thread] INFO  o.h.e.t.j.p.i.JtaPlatformInitiator - HHH000489: No JTA platform available (set 'hibernate.transaction.jta.platform' to enable JTA platform integration)
2025-06-08 12:07:16 [JavaFX Application Thread] INFO  o.hibernate.orm.connections.access - HHH10001501: Connection obtained from JdbcConnectionAccess [org.hibernate.engine.jdbc.env.internal.JdbcEnvironmentInitiator$ConnectionProviderJdbcConnectionAccess@351eb0ca] for (non-JTA) DDL execution was not in auto-commit mode; the Connection 'local transaction' will be committed and the Connection will be set into auto-commit mode.
2025-06-08 12:07:16 [JavaFX Application Thread] INFO  o.hibernate.orm.connections.access - HHH10001501: Connection obtained from JdbcConnectionAccess [org.hibernate.engine.jdbc.env.internal.JdbcEnvironmentInitiator$ConnectionProviderJdbcConnectionAccess@25201946] for (non-JTA) DDL execution was not in auto-commit mode; the Connection 'local transaction' will be committed and the Connection will be set into auto-commit mode.
2025-06-08 12:09:52 [JavaFX Application Thread] INFO  o.h.jpa.internal.util.LogHelper - HHH000204: Processing PersistenceUnitInfo [name: logbookPU]
2025-06-08 12:09:52 [JavaFX Application Thread] INFO  org.hibernate.Version - HHH000412: Hibernate ORM core version [WORKING]
2025-06-08 12:09:52 [JavaFX Application Thread] INFO  o.h.c.i.RegionFactoryInitiator - HHH000026: Second-level cache disabled
2025-06-08 12:09:52 [JavaFX Application Thread] WARN  o.hibernate.orm.connections.pooling - HHH10001002: Using built-in connection pool (not intended for production use)
2025-06-08 12:09:52 [JavaFX Application Thread] INFO  o.hibernate.orm.connections.pooling - HHH10001005: Loaded JDBC driver class: org.h2.Driver
2025-06-08 12:09:52 [JavaFX Application Thread] INFO  o.hibernate.orm.connections.pooling - HHH10001012: Connecting with JDBC URL [jdbc:h2:file:./data/mydb;DB_CLOSE_ON_EXIT=FALSE;AUTO_SERVER=TRUE]
2025-06-08 12:09:52 [JavaFX Application Thread] INFO  o.hibernate.orm.connections.pooling - HHH10001001: Connection properties: {}
2025-06-08 12:09:52 [JavaFX Application Thread] INFO  o.hibernate.orm.connections.pooling - HHH10001003: Autocommit mode: false
2025-06-08 12:09:52 [JavaFX Application Thread] INFO  o.hibernate.orm.connections.pooling - HHH10001115: Connection pool size: 20 (min=1)
2025-06-08 12:09:52 [JavaFX Application Thread] WARN  o.h.e.j.e.i.JdbcEnvironmentInitiator - HHH000342: Could not obtain connection to query metadata
java.lang.IllegalStateException: Cannot get a connection as the driver manager is not properly initialized
	at org.hibernate.orm.core@6.4.5.Final/org.hibernate.engine.jdbc.connections.internal.DriverManagerConnectionProviderImpl.getConnection(DriverManagerConnectionProviderImpl.java:259)
	at org.hibernate.orm.core@6.4.5.Final/org.hibernate.engine.jdbc.env.internal.JdbcEnvironmentInitiator$ConnectionProviderJdbcConnectionAccess.obtainConnection(JdbcEnvironmentInitiator.java:428)
	at org.hibernate.orm.core@6.4.5.Final/org.hibernate.resource.transaction.backend.jdbc.internal.JdbcIsolationDelegate.delegateWork(JdbcIsolationDelegate.java:61)
	at org.hibernate.orm.core@6.4.5.Final/org.hibernate.engine.jdbc.env.internal.JdbcEnvironmentInitiator.getJdbcEnvironmentUsingJdbcMetadata(JdbcEnvironmentInitiator.java:276)
	at org.hibernate.orm.core@6.4.5.Final/org.hibernate.engine.jdbc.env.internal.JdbcEnvironmentInitiator.initiateService(JdbcEnvironmentInitiator.java:107)
	at org.hibernate.orm.core@6.4.5.Final/org.hibernate.engine.jdbc.env.internal.JdbcEnvironmentInitiator.initiateService(JdbcEnvironmentInitiator.java:68)
	at org.hibernate.orm.core@6.4.5.Final/org.hibernate.boot.registry.internal.StandardServiceRegistryImpl.initiateService(StandardServiceRegistryImpl.java:130)
	at org.hibernate.orm.core@6.4.5.Final/org.hibernate.service.internal.AbstractServiceRegistryImpl.createService(AbstractServiceRegistryImpl.java:263)
	at org.hibernate.orm.core@6.4.5.Final/org.hibernate.service.internal.AbstractServiceRegistryImpl.initializeService(AbstractServiceRegistryImpl.java:238)
	at org.hibernate.orm.core@6.4.5.Final/org.hibernate.service.internal.AbstractServiceRegistryImpl.getService(AbstractServiceRegistryImpl.java:215)
	at org.hibernate.orm.core@6.4.5.Final/org.hibernate.engine.jdbc.internal.JdbcServicesImpl.configure(JdbcServicesImpl.java:52)
	at org.hibernate.orm.core@6.4.5.Final/org.hibernate.boot.registry.internal.StandardServiceRegistryImpl.configureService(StandardServiceRegistryImpl.java:136)
	at org.hibernate.orm.core@6.4.5.Final/org.hibernate.service.internal.AbstractServiceRegistryImpl.initializeService(AbstractServiceRegistryImpl.java:247)
	at org.hibernate.orm.core@6.4.5.Final/org.hibernate.service.internal.AbstractServiceRegistryImpl.getService(AbstractServiceRegistryImpl.java:215)
	at org.hibernate.orm.core@6.4.5.Final/org.hibernate.engine.jdbc.connections.internal.BasicConnectionCreator.convertSqlException(BasicConnectionCreator.java:133)
	at org.hibernate.orm.core@6.4.5.Final/org.hibernate.engine.jdbc.connections.internal.DriverConnectionCreator.makeConnection(DriverConnectionCreator.java:43)
	at org.hibernate.orm.core@6.4.5.Final/org.hibernate.engine.jdbc.connections.internal.BasicConnectionCreator.createConnection(BasicConnectionCreator.java:61)
	at org.hibernate.orm.core@6.4.5.Final/org.hibernate.engine.jdbc.connections.internal.DriverManagerConnectionProviderImpl$PooledConnections.addConnections(DriverManagerConnectionProviderImpl.java:499)
	at org.hibernate.orm.core@6.4.5.Final/org.hibernate.engine.jdbc.connections.internal.DriverManagerConnectionProviderImpl$PooledConnections.<init>(DriverManagerConnectionProviderImpl.java:372)
	at org.hibernate.orm.core@6.4.5.Final/org.hibernate.engine.jdbc.connections.internal.DriverManagerConnectionProviderImpl$PooledConnections$Builder.build(DriverManagerConnectionProviderImpl.java:550)
	at org.hibernate.orm.core@6.4.5.Final/org.hibernate.engine.jdbc.connections.internal.DriverManagerConnectionProviderImpl.buildPool(DriverManagerConnectionProviderImpl.java:102)
	at org.hibernate.orm.core@6.4.5.Final/org.hibernate.engine.jdbc.connections.internal.DriverManagerConnectionProviderImpl.configure(DriverManagerConnectionProviderImpl.java:82)
	at org.hibernate.orm.core@6.4.5.Final/org.hibernate.boot.registry.internal.StandardServiceRegistryImpl.configureService(StandardServiceRegistryImpl.java:136)
	at org.hibernate.orm.core@6.4.5.Final/org.hibernate.service.internal.AbstractServiceRegistryImpl.initializeService(AbstractServiceRegistryImpl.java:247)
	at org.hibernate.orm.core@6.4.5.Final/org.hibernate.service.internal.AbstractServiceRegistryImpl.getService(AbstractServiceRegistryImpl.java:215)
	at org.hibernate.orm.core@6.4.5.Final/org.hibernate.engine.jdbc.env.internal.JdbcEnvironmentInitiator.buildJdbcConnectionAccess(JdbcEnvironmentInitiator.java:395)
	at org.hibernate.orm.core@6.4.5.Final/org.hibernate.engine.jdbc.env.internal.JdbcEnvironmentInitiator.getJdbcEnvironmentUsingJdbcMetadata(JdbcEnvironmentInitiator.java:262)
	at org.hibernate.orm.core@6.4.5.Final/org.hibernate.engine.jdbc.env.internal.JdbcEnvironmentInitiator.initiateService(JdbcEnvironmentInitiator.java:107)
	at org.hibernate.orm.core@6.4.5.Final/org.hibernate.engine.jdbc.env.internal.JdbcEnvironmentInitiator.initiateService(JdbcEnvironmentInitiator.java:68)
	at org.hibernate.orm.core@6.4.5.Final/org.hibernate.boot.registry.internal.StandardServiceRegistryImpl.initiateService(StandardServiceRegistryImpl.java:130)
	at org.hibernate.orm.core@6.4.5.Final/org.hibernate.service.internal.AbstractServiceRegistryImpl.createService(AbstractServiceRegistryImpl.java:263)
	at org.hibernate.orm.core@6.4.5.Final/org.hibernate.service.internal.AbstractServiceRegistryImpl.initializeService(AbstractServiceRegistryImpl.java:238)
	at org.hibernate.orm.core@6.4.5.Final/org.hibernate.service.internal.AbstractServiceRegistryImpl.getService(AbstractServiceRegistryImpl.java:215)
	at org.hibernate.orm.core@6.4.5.Final/org.hibernate.boot.model.relational.Database.<init>(Database.java:45)
	at org.hibernate.orm.core@6.4.5.Final/org.hibernate.boot.internal.InFlightMetadataCollectorImpl.getDatabase(InFlightMetadataCollectorImpl.java:223)
	at org.hibernate.orm.core@6.4.5.Final/org.hibernate.boot.internal.InFlightMetadataCollectorImpl.<init>(InFlightMetadataCollectorImpl.java:191)
	at org.hibernate.orm.core@6.4.5.Final/org.hibernate.boot.model.process.spi.MetadataBuildingProcess.complete(MetadataBuildingProcess.java:170)
	at org.hibernate.orm.core@6.4.5.Final/org.hibernate.jpa.boot.internal.EntityManagerFactoryBuilderImpl.metadata(EntityManagerFactoryBuilderImpl.java:1432)
	at org.hibernate.orm.core@6.4.5.Final/org.hibernate.jpa.boot.internal.EntityManagerFactoryBuilderImpl.build(EntityManagerFactoryBuilderImpl.java:1503)
	at org.hibernate.orm.core@6.4.5.Final/org.hibernate.jpa.HibernatePersistenceProvider.createEntityManagerFactory(HibernatePersistenceProvider.java:55)
	at jakarta.persistence@3.1.0/jakarta.persistence.Persistence.createEntityManagerFactory(Persistence.java:80)
	at jakarta.persistence@3.1.0/jakarta.persistence.Persistence.createEntityManagerFactory(Persistence.java:55)
	at cz.vse.logbookapp/cz.vse.logbookapp.controller.HelloController.initialize(HelloController.java:29)
	at java.base/jdk.internal.reflect.DirectMethodHandleAccessor.invoke(DirectMethodHandleAccessor.java:103)
	at java.base/java.lang.reflect.Method.invoke(Method.java:580)
	at com.sun.javafx.reflect.Trampoline.invoke(MethodUtil.java:77)
	at java.base/jdk.internal.reflect.DirectMethodHandleAccessor.invoke(DirectMethodHandleAccessor.java:103)
	at java.base/java.lang.reflect.Method.invoke(Method.java:580)
	at javafx.base/com.sun.javafx.reflect.MethodUtil.invoke(MethodUtil.java:275)
	at javafx.fxml/com.sun.javafx.fxml.MethodHelper.invoke(MethodHelper.java:84)
	at javafx.fxml/javafx.fxml.FXMLLoader.loadImpl(FXMLLoader.java:2680)
	at javafx.fxml/javafx.fxml.FXMLLoader.loadImpl(FXMLLoader.java:2555)
	at javafx.fxml/javafx.fxml.FXMLLoader.load(FXMLLoader.java:2523)
	at cz.vse.logbookapp/cz.vse.logbookapp.App.start(App.java:14)
	at javafx.graphics/com.sun.javafx.application.LauncherImpl.lambda$launchApplication1$9(LauncherImpl.java:847)
	at javafx.graphics/com.sun.javafx.application.PlatformImpl.lambda$runAndWait$12(PlatformImpl.java:484)
	at javafx.graphics/com.sun.javafx.application.PlatformImpl.lambda$runLater$10(PlatformImpl.java:457)
	at java.base/java.security.AccessController.doPrivileged(AccessController.java:400)
	at javafx.graphics/com.sun.javafx.application.PlatformImpl.lambda$runLater$11(PlatformImpl.java:456)
	at javafx.graphics/com.sun.glass.ui.InvokeLaterDispatcher$Future.run(InvokeLaterDispatcher.java:96)
2025-06-08 12:09:52 [JavaFX Application Thread] WARN  org.hibernate.orm.deprecation - HHH90000025: H2Dialect does not need to be specified explicitly using 'hibernate.dialect' (remove the property setting and it will be selected by default)
2025-06-08 12:09:52 [JavaFX Application Thread] WARN  o.h.e.jdbc.spi.SqlExceptionHelper - SQL Error: 50100, SQLState: HYC00
2025-06-08 12:09:52 [JavaFX Application Thread] ERROR o.h.e.jdbc.spi.SqlExceptionHelper - Feature not supported: "AUTO_SERVER=TRUE && DB_CLOSE_ON_EXIT=FALSE" [50100-224]
2025-06-08 12:10:15 [JavaFX Application Thread] INFO  o.h.jpa.internal.util.LogHelper - HHH000204: Processing PersistenceUnitInfo [name: logbookPU]
2025-06-08 12:10:15 [JavaFX Application Thread] INFO  org.hibernate.Version - HHH000412: Hibernate ORM core version [WORKING]
2025-06-08 12:10:15 [JavaFX Application Thread] INFO  o.h.c.i.RegionFactoryInitiator - HHH000026: Second-level cache disabled
2025-06-08 12:10:15 [JavaFX Application Thread] WARN  o.hibernate.orm.connections.pooling - HHH10001002: Using built-in connection pool (not intended for production use)
2025-06-08 12:10:15 [JavaFX Application Thread] INFO  o.hibernate.orm.connections.pooling - HHH10001005: Loaded JDBC driver class: org.h2.Driver
2025-06-08 12:10:15 [JavaFX Application Thread] INFO  o.hibernate.orm.connections.pooling - HHH10001012: Connecting with JDBC URL [jdbc:h2:file:./data/mydb]
2025-06-08 12:10:15 [JavaFX Application Thread] INFO  o.hibernate.orm.connections.pooling - HHH10001001: Connection properties: {}
2025-06-08 12:10:15 [JavaFX Application Thread] INFO  o.hibernate.orm.connections.pooling - HHH10001003: Autocommit mode: false
2025-06-08 12:10:15 [JavaFX Application Thread] INFO  o.hibernate.orm.connections.pooling - HHH10001115: Connection pool size: 20 (min=1)
2025-06-08 12:10:15 [JavaFX Application Thread] WARN  org.hibernate.orm.deprecation - HHH90000025: H2Dialect does not need to be specified explicitly using 'hibernate.dialect' (remove the property setting and it will be selected by default)
2025-06-08 12:10:15 [JavaFX Application Thread] INFO  o.h.e.t.j.p.i.JtaPlatformInitiator - HHH000489: No JTA platform available (set 'hibernate.transaction.jta.platform' to enable JTA platform integration)
2025-06-08 12:10:15 [JavaFX Application Thread] INFO  o.hibernate.orm.connections.access - HHH10001501: Connection obtained from JdbcConnectionAccess [org.hibernate.engine.jdbc.env.internal.JdbcEnvironmentInitiator$ConnectionProviderJdbcConnectionAccess@61d30366] for (non-JTA) DDL execution was not in auto-commit mode; the Connection 'local transaction' will be committed and the Connection will be set into auto-commit mode.
2025-06-08 12:10:54 [JavaFX Application Thread] INFO  o.h.jpa.internal.util.LogHelper - HHH000204: Processing PersistenceUnitInfo [name: logbookPU]
2025-06-08 12:10:54 [JavaFX Application Thread] INFO  org.hibernate.Version - HHH000412: Hibernate ORM core version [WORKING]
2025-06-08 12:10:54 [JavaFX Application Thread] INFO  o.h.c.i.RegionFactoryInitiator - HHH000026: Second-level cache disabled
2025-06-08 12:10:54 [JavaFX Application Thread] WARN  o.hibernate.orm.connections.pooling - HHH10001002: Using built-in connection pool (not intended for production use)
2025-06-08 12:10:54 [JavaFX Application Thread] INFO  o.hibernate.orm.connections.pooling - HHH10001005: Loaded JDBC driver class: org.h2.Driver
2025-06-08 12:10:54 [JavaFX Application Thread] INFO  o.hibernate.orm.connections.pooling - HHH10001012: Connecting with JDBC URL [jdbc:h2:file:./data/mydb]
2025-06-08 12:10:54 [JavaFX Application Thread] INFO  o.hibernate.orm.connections.pooling - HHH10001001: Connection properties: {}
2025-06-08 12:10:54 [JavaFX Application Thread] INFO  o.hibernate.orm.connections.pooling - HHH10001003: Autocommit mode: false
2025-06-08 12:10:54 [JavaFX Application Thread] INFO  o.hibernate.orm.connections.pooling - HHH10001115: Connection pool size: 20 (min=1)
2025-06-08 12:10:55 [JavaFX Application Thread] INFO  o.h.e.t.j.p.i.JtaPlatformInitiator - HHH000489: No JTA platform available (set 'hibernate.transaction.jta.platform' to enable JTA platform integration)
2025-06-08 12:10:55 [JavaFX Application Thread] INFO  o.hibernate.orm.connections.access - HHH10001501: Connection obtained from JdbcConnectionAccess [org.hibernate.engine.jdbc.env.internal.JdbcEnvironmentInitiator$ConnectionProviderJdbcConnectionAccess@56cfe671] for (non-JTA) DDL execution was not in auto-commit mode; the Connection 'local transaction' will be committed and the Connection will be set into auto-commit mode.
2025-06-08 12:16:04 [JavaFX Application Thread] INFO  o.h.jpa.internal.util.LogHelper - HHH000204: Processing PersistenceUnitInfo [name: logbookPU]
2025-06-08 12:16:04 [JavaFX Application Thread] INFO  org.hibernate.Version - HHH000412: Hibernate ORM core version [WORKING]
2025-06-08 12:16:04 [JavaFX Application Thread] INFO  o.h.c.i.RegionFactoryInitiator - HHH000026: Second-level cache disabled
2025-06-08 12:16:04 [JavaFX Application Thread] WARN  o.hibernate.orm.connections.pooling - HHH10001002: Using built-in connection pool (not intended for production use)
2025-06-08 12:16:04 [JavaFX Application Thread] INFO  o.hibernate.orm.connections.pooling - HHH10001005: Loaded JDBC driver class: org.h2.Driver
2025-06-08 12:16:04 [JavaFX Application Thread] INFO  o.hibernate.orm.connections.pooling - HHH10001012: Connecting with JDBC URL [jdbc:h2:file:./data/mydb]
2025-06-08 12:16:04 [JavaFX Application Thread] INFO  o.hibernate.orm.connections.pooling - HHH10001001: Connection properties: {}
2025-06-08 12:16:04 [JavaFX Application Thread] INFO  o.hibernate.orm.connections.pooling - HHH10001003: Autocommit mode: false
2025-06-08 12:16:04 [JavaFX Application Thread] INFO  o.hibernate.orm.connections.pooling - HHH10001115: Connection pool size: 20 (min=1)
2025-06-08 12:16:04 [JavaFX Application Thread] INFO  o.h.e.t.j.p.i.JtaPlatformInitiator - HHH000489: No JTA platform available (set 'hibernate.transaction.jta.platform' to enable JTA platform integration)
2025-06-08 12:16:04 [JavaFX Application Thread] INFO  o.hibernate.orm.connections.access - HHH10001501: Connection obtained from JdbcConnectionAccess [org.hibernate.engine.jdbc.env.internal.JdbcEnvironmentInitiator$ConnectionProviderJdbcConnectionAccess@7d123846] for (non-JTA) DDL execution was not in auto-commit mode; the Connection 'local transaction' will be committed and the Connection will be set into auto-commit mode.
2025-06-08 12:17:37 [JavaFX Application Thread] INFO  o.h.jpa.internal.util.LogHelper - HHH000204: Processing PersistenceUnitInfo [name: logbookPU]
2025-06-08 12:17:37 [JavaFX Application Thread] INFO  org.hibernate.Version - HHH000412: Hibernate ORM core version [WORKING]
2025-06-08 12:17:37 [JavaFX Application Thread] INFO  o.h.c.i.RegionFactoryInitiator - HHH000026: Second-level cache disabled
2025-06-08 12:17:37 [JavaFX Application Thread] WARN  o.hibernate.orm.connections.pooling - HHH10001002: Using built-in connection pool (not intended for production use)
2025-06-08 12:17:37 [JavaFX Application Thread] INFO  o.hibernate.orm.connections.pooling - HHH10001005: Loaded JDBC driver class: org.h2.Driver
2025-06-08 12:17:37 [JavaFX Application Thread] INFO  o.hibernate.orm.connections.pooling - HHH10001012: Connecting with JDBC URL [jdbc:h2:file:./data/mydb]
2025-06-08 12:17:37 [JavaFX Application Thread] INFO  o.hibernate.orm.connections.pooling - HHH10001001: Connection properties: {}
2025-06-08 12:17:37 [JavaFX Application Thread] INFO  o.hibernate.orm.connections.pooling - HHH10001003: Autocommit mode: false
2025-06-08 12:17:37 [JavaFX Application Thread] INFO  o.hibernate.orm.connections.pooling - HHH10001115: Connection pool size: 20 (min=1)
2025-06-08 12:17:38 [JavaFX Application Thread] INFO  o.h.e.t.j.p.i.JtaPlatformInitiator - HHH000489: No JTA platform available (set 'hibernate.transaction.jta.platform' to enable JTA platform integration)
2025-06-08 12:17:38 [JavaFX Application Thread] INFO  o.hibernate.orm.connections.access - HHH10001501: Connection obtained from JdbcConnectionAccess [org.hibernate.engine.jdbc.env.internal.JdbcEnvironmentInitiator$ConnectionProviderJdbcConnectionAccess@3f647580] for (non-JTA) DDL execution was not in auto-commit mode; the Connection 'local transaction' will be committed and the Connection will be set into auto-commit mode.
2025-06-08 12:19:57 [JavaFX Application Thread] INFO  o.h.jpa.internal.util.LogHelper - HHH000204: Processing PersistenceUnitInfo [name: logbookPU]
2025-06-08 12:19:57 [JavaFX Application Thread] INFO  org.hibernate.Version - HHH000412: Hibernate ORM core version [WORKING]
2025-06-08 12:19:57 [JavaFX Application Thread] INFO  o.h.c.i.RegionFactoryInitiator - HHH000026: Second-level cache disabled
2025-06-08 12:19:57 [JavaFX Application Thread] WARN  o.hibernate.orm.connections.pooling - HHH10001002: Using built-in connection pool (not intended for production use)
2025-06-08 12:19:57 [JavaFX Application Thread] INFO  o.hibernate.orm.connections.pooling - HHH10001005: Loaded JDBC driver class: org.h2.Driver
2025-06-08 12:19:57 [JavaFX Application Thread] INFO  o.hibernate.orm.connections.pooling - HHH10001012: Connecting with JDBC URL [jdbc:h2:mem:mydb]
2025-06-08 12:19:57 [JavaFX Application Thread] INFO  o.hibernate.orm.connections.pooling - HHH10001001: Connection properties: {}
2025-06-08 12:19:57 [JavaFX Application Thread] INFO  o.hibernate.orm.connections.pooling - HHH10001003: Autocommit mode: false
2025-06-08 12:19:57 [JavaFX Application Thread] INFO  o.hibernate.orm.connections.pooling - HHH10001115: Connection pool size: 20 (min=1)
2025-06-08 12:19:57 [JavaFX Application Thread] INFO  o.h.e.t.j.p.i.JtaPlatformInitiator - HHH000489: No JTA platform available (set 'hibernate.transaction.jta.platform' to enable JTA platform integration)
2025-06-08 12:19:57 [JavaFX Application Thread] INFO  o.hibernate.orm.connections.access - HHH10001501: Connection obtained from JdbcConnectionAccess [org.hibernate.engine.jdbc.env.internal.JdbcEnvironmentInitiator$ConnectionProviderJdbcConnectionAccess@31222ed6] for (non-JTA) DDL execution was not in auto-commit mode; the Connection 'local transaction' will be committed and the Connection will be set into auto-commit mode.
2025-06-08 12:35:38 [JavaFX Application Thread] INFO  o.h.jpa.internal.util.LogHelper - HHH000204: Processing PersistenceUnitInfo [name: logbookPU]
2025-06-08 12:35:38 [JavaFX Application Thread] INFO  org.hibernate.Version - HHH000412: Hibernate ORM core version [WORKING]
2025-06-08 12:35:38 [JavaFX Application Thread] INFO  o.h.c.i.RegionFactoryInitiator - HHH000026: Second-level cache disabled
2025-06-08 12:35:38 [JavaFX Application Thread] WARN  o.hibernate.orm.connections.pooling - HHH10001002: Using built-in connection pool (not intended for production use)
2025-06-08 12:35:38 [JavaFX Application Thread] INFO  o.hibernate.orm.connections.pooling - HHH10001005: Loaded JDBC driver class: org.h2.Driver
2025-06-08 12:35:38 [JavaFX Application Thread] INFO  o.hibernate.orm.connections.pooling - HHH10001012: Connecting with JDBC URL [jdbc:h2:mem:mydb]
2025-06-08 12:35:38 [JavaFX Application Thread] INFO  o.hibernate.orm.connections.pooling - HHH10001001: Connection properties: {}
2025-06-08 12:35:38 [JavaFX Application Thread] INFO  o.hibernate.orm.connections.pooling - HHH10001003: Autocommit mode: false
2025-06-08 12:35:38 [JavaFX Application Thread] INFO  o.hibernate.orm.connections.pooling - HHH10001115: Connection pool size: 20 (min=1)
2025-06-08 12:35:39 [JavaFX Application Thread] INFO  o.h.e.t.j.p.i.JtaPlatformInitiator - HHH000489: No JTA platform available (set 'hibernate.transaction.jta.platform' to enable JTA platform integration)
2025-06-08 12:35:39 [JavaFX Application Thread] INFO  o.hibernate.orm.connections.access - HHH10001501: Connection obtained from JdbcConnectionAccess [org.hibernate.engine.jdbc.env.internal.JdbcEnvironmentInitiator$ConnectionProviderJdbcConnectionAccess@afc91f] for (non-JTA) DDL execution was not in auto-commit mode; the Connection 'local transaction' will be committed and the Connection will be set into auto-commit mode.
2025-06-08 12:37:34 [JavaFX Application Thread] INFO  o.h.jpa.internal.util.LogHelper - HHH000204: Processing PersistenceUnitInfo [name: logbookPU]
2025-06-08 12:37:34 [JavaFX Application Thread] INFO  org.hibernate.Version - HHH000412: Hibernate ORM core version [WORKING]
2025-06-08 12:37:34 [JavaFX Application Thread] INFO  o.h.c.i.RegionFactoryInitiator - HHH000026: Second-level cache disabled
2025-06-08 12:37:34 [JavaFX Application Thread] WARN  o.hibernate.orm.connections.pooling - HHH10001002: Using built-in connection pool (not intended for production use)
2025-06-08 12:37:34 [JavaFX Application Thread] INFO  o.hibernate.orm.connections.pooling - HHH10001005: Loaded JDBC driver class: org.h2.Driver
2025-06-08 12:37:34 [JavaFX Application Thread] INFO  o.hibernate.orm.connections.pooling - HHH10001012: Connecting with JDBC URL [jdbc:h2:mem:mydb;DB_CLOSE_DELAY=-1]
2025-06-08 12:37:34 [JavaFX Application Thread] INFO  o.hibernate.orm.connections.pooling - HHH10001001: Connection properties: {}
2025-06-08 12:37:34 [JavaFX Application Thread] INFO  o.hibernate.orm.connections.pooling - HHH10001003: Autocommit mode: false
2025-06-08 12:37:34 [JavaFX Application Thread] INFO  o.hibernate.orm.connections.pooling - HHH10001115: Connection pool size: 20 (min=1)
2025-06-08 12:37:35 [JavaFX Application Thread] INFO  o.h.e.t.j.p.i.JtaPlatformInitiator - HHH000489: No JTA platform available (set 'hibernate.transaction.jta.platform' to enable JTA platform integration)
2025-06-08 12:37:35 [JavaFX Application Thread] INFO  o.hibernate.orm.connections.access - HHH10001501: Connection obtained from JdbcConnectionAccess [org.hibernate.engine.jdbc.env.internal.JdbcEnvironmentInitiator$ConnectionProviderJdbcConnectionAccess@773ef859] for (non-JTA) DDL execution was not in auto-commit mode; the Connection 'local transaction' will be committed and the Connection will be set into auto-commit mode.
2025-06-08 12:39:23 [JavaFX Application Thread] INFO  o.h.jpa.internal.util.LogHelper - HHH000204: Processing PersistenceUnitInfo [name: logbookPU]
2025-06-08 12:39:23 [JavaFX Application Thread] INFO  org.hibernate.Version - HHH000412: Hibernate ORM core version [WORKING]
2025-06-08 12:39:23 [JavaFX Application Thread] INFO  o.h.c.i.RegionFactoryInitiator - HHH000026: Second-level cache disabled
2025-06-08 12:39:23 [JavaFX Application Thread] WARN  o.hibernate.orm.connections.pooling - HHH10001002: Using built-in connection pool (not intended for production use)
2025-06-08 12:39:23 [JavaFX Application Thread] INFO  o.hibernate.orm.connections.pooling - HHH10001005: Loaded JDBC driver class: org.h2.Driver
2025-06-08 12:39:23 [JavaFX Application Thread] INFO  o.hibernate.orm.connections.pooling - HHH10001012: Connecting with JDBC URL [jdbc:h2:mem:mydb;DB_CLOSE_DELAY=-1;INIT=RUNSCRIPT FROM 'classpath:database.sql']
2025-06-08 12:39:23 [JavaFX Application Thread] INFO  o.hibernate.orm.connections.pooling - HHH10001001: Connection properties: {}
2025-06-08 12:39:23 [JavaFX Application Thread] INFO  o.hibernate.orm.connections.pooling - HHH10001003: Autocommit mode: false
2025-06-08 12:39:23 [JavaFX Application Thread] INFO  o.hibernate.orm.connections.pooling - HHH10001115: Connection pool size: 20 (min=1)
2025-06-08 12:39:23 [JavaFX Application Thread] INFO  o.h.e.t.j.p.i.JtaPlatformInitiator - HHH000489: No JTA platform available (set 'hibernate.transaction.jta.platform' to enable JTA platform integration)
2025-06-08 12:39:23 [JavaFX Application Thread] INFO  o.hibernate.orm.connections.access - HHH10001501: Connection obtained from JdbcConnectionAccess [org.hibernate.engine.jdbc.env.internal.JdbcEnvironmentInitiator$ConnectionProviderJdbcConnectionAccess@28d3a4e1] for (non-JTA) DDL execution was not in auto-commit mode; the Connection 'local transaction' will be committed and the Connection will be set into auto-commit mode.
2025-06-08 13:11:39 [JavaFX Application Thread] INFO  o.h.jpa.internal.util.LogHelper - HHH000204: Processing PersistenceUnitInfo [name: logbookPU]
2025-06-08 13:11:39 [JavaFX Application Thread] INFO  org.hibernate.Version - HHH000412: Hibernate ORM core version [WORKING]
2025-06-08 13:11:39 [JavaFX Application Thread] INFO  o.h.c.i.RegionFactoryInitiator - HHH000026: Second-level cache disabled
2025-06-08 13:11:39 [JavaFX Application Thread] WARN  o.hibernate.orm.connections.pooling - HHH10001002: Using built-in connection pool (not intended for production use)
2025-06-08 13:11:39 [JavaFX Application Thread] INFO  o.hibernate.orm.connections.pooling - HHH10001005: Loaded JDBC driver class: org.h2.Driver
2025-06-08 13:11:39 [JavaFX Application Thread] INFO  o.hibernate.orm.connections.pooling - HHH10001012: Connecting with JDBC URL [jdbc:h2:mem:mydb;DB_CLOSE_DELAY=-1;INIT=RUNSCRIPT FROM 'classpath:database.sql']
2025-06-08 13:11:39 [JavaFX Application Thread] INFO  o.hibernate.orm.connections.pooling - HHH10001001: Connection properties: {}
2025-06-08 13:11:39 [JavaFX Application Thread] INFO  o.hibernate.orm.connections.pooling - HHH10001003: Autocommit mode: false
2025-06-08 13:11:39 [JavaFX Application Thread] INFO  o.hibernate.orm.connections.pooling - HHH10001115: Connection pool size: 20 (min=1)
2025-06-08 13:11:40 [JavaFX Application Thread] INFO  o.h.e.t.j.p.i.JtaPlatformInitiator - HHH000489: No JTA platform available (set 'hibernate.transaction.jta.platform' to enable JTA platform integration)
2025-06-08 13:11:40 [JavaFX Application Thread] INFO  o.hibernate.orm.connections.access - HHH10001501: Connection obtained from JdbcConnectionAccess [org.hibernate.engine.jdbc.env.internal.JdbcEnvironmentInitiator$ConnectionProviderJdbcConnectionAccess@1822a1e5] for (non-JTA) DDL execution was not in auto-commit mode; the Connection 'local transaction' will be committed and the Connection will be set into auto-commit mode.
2025-06-08 13:19:30 [JavaFX Application Thread] INFO  o.h.jpa.internal.util.LogHelper - HHH000204: Processing PersistenceUnitInfo [name: logbookPU]
2025-06-08 13:19:30 [JavaFX Application Thread] INFO  org.hibernate.Version - HHH000412: Hibernate ORM core version [WORKING]
2025-06-08 13:19:30 [JavaFX Application Thread] INFO  o.h.c.i.RegionFactoryInitiator - HHH000026: Second-level cache disabled
2025-06-08 13:19:30 [JavaFX Application Thread] WARN  o.hibernate.orm.connections.pooling - HHH10001002: Using built-in connection pool (not intended for production use)
2025-06-08 13:19:30 [JavaFX Application Thread] INFO  o.hibernate.orm.connections.pooling - HHH10001005: Loaded JDBC driver class: org.h2.Driver
2025-06-08 13:19:30 [JavaFX Application Thread] INFO  o.hibernate.orm.connections.pooling - HHH10001012: Connecting with JDBC URL [jdbc:h2:mem:mydb;DB_CLOSE_DELAY=-1;INIT=RUNSCRIPT FROM 'classpath:database.sql']
2025-06-08 13:19:30 [JavaFX Application Thread] INFO  o.hibernate.orm.connections.pooling - HHH10001001: Connection properties: {}
2025-06-08 13:19:30 [JavaFX Application Thread] INFO  o.hibernate.orm.connections.pooling - HHH10001003: Autocommit mode: false
2025-06-08 13:19:30 [JavaFX Application Thread] INFO  o.hibernate.orm.connections.pooling - HHH10001115: Connection pool size: 20 (min=1)
2025-06-08 13:19:31 [JavaFX Application Thread] INFO  o.h.e.t.j.p.i.JtaPlatformInitiator - HHH000489: No JTA platform available (set 'hibernate.transaction.jta.platform' to enable JTA platform integration)
2025-06-08 13:19:31 [JavaFX Application Thread] INFO  o.hibernate.orm.connections.access - HHH10001501: Connection obtained from JdbcConnectionAccess [org.hibernate.engine.jdbc.env.internal.JdbcEnvironmentInitiator$ConnectionProviderJdbcConnectionAccess@ad10da8] for (non-JTA) DDL execution was not in auto-commit mode; the Connection 'local transaction' will be committed and the Connection will be set into auto-commit mode.
2025-06-08 13:20:53 [JavaFX Application Thread] INFO  o.h.jpa.internal.util.LogHelper - HHH000204: Processing PersistenceUnitInfo [name: logbookPU]
2025-06-08 13:20:53 [JavaFX Application Thread] INFO  org.hibernate.Version - HHH000412: Hibernate ORM core version [WORKING]
2025-06-08 13:20:53 [JavaFX Application Thread] INFO  o.h.c.i.RegionFactoryInitiator - HHH000026: Second-level cache disabled
2025-06-08 13:20:53 [JavaFX Application Thread] WARN  o.hibernate.orm.connections.pooling - HHH10001002: Using built-in connection pool (not intended for production use)
2025-06-08 13:20:53 [JavaFX Application Thread] INFO  o.hibernate.orm.connections.pooling - HHH10001005: Loaded JDBC driver class: org.h2.Driver
2025-06-08 13:20:53 [JavaFX Application Thread] INFO  o.hibernate.orm.connections.pooling - HHH10001012: Connecting with JDBC URL [jdbc:h2:mem:mydb;DB_CLOSE_DELAY=-1;INIT=RUNSCRIPT FROM 'classpath:database.sql']
2025-06-08 13:20:53 [JavaFX Application Thread] INFO  o.hibernate.orm.connections.pooling - HHH10001001: Connection properties: {}
2025-06-08 13:20:53 [JavaFX Application Thread] INFO  o.hibernate.orm.connections.pooling - HHH10001003: Autocommit mode: false
2025-06-08 13:20:53 [JavaFX Application Thread] INFO  o.hibernate.orm.connections.pooling - HHH10001115: Connection pool size: 20 (min=1)
2025-06-08 13:20:53 [JavaFX Application Thread] INFO  o.h.e.t.j.p.i.JtaPlatformInitiator - HHH000489: No JTA platform available (set 'hibernate.transaction.jta.platform' to enable JTA platform integration)
2025-06-08 13:20:53 [JavaFX Application Thread] INFO  o.hibernate.orm.connections.access - HHH10001501: Connection obtained from JdbcConnectionAccess [org.hibernate.engine.jdbc.env.internal.JdbcEnvironmentInitiator$ConnectionProviderJdbcConnectionAccess@3e2124b2] for (non-JTA) DDL execution was not in auto-commit mode; the Connection 'local transaction' will be committed and the Connection will be set into auto-commit mode.
2025-06-08 13:23:32 [JavaFX Application Thread] INFO  o.h.jpa.internal.util.LogHelper - HHH000204: Processing PersistenceUnitInfo [name: logbookPU]
2025-06-08 13:23:32 [JavaFX Application Thread] INFO  org.hibernate.Version - HHH000412: Hibernate ORM core version [WORKING]
2025-06-08 13:23:32 [JavaFX Application Thread] INFO  o.h.c.i.RegionFactoryInitiator - HHH000026: Second-level cache disabled
2025-06-08 13:23:32 [JavaFX Application Thread] WARN  o.hibernate.orm.connections.pooling - HHH10001002: Using built-in connection pool (not intended for production use)
2025-06-08 13:23:32 [JavaFX Application Thread] INFO  o.hibernate.orm.connections.pooling - HHH10001005: Loaded JDBC driver class: org.h2.Driver
2025-06-08 13:23:32 [JavaFX Application Thread] INFO  o.hibernate.orm.connections.pooling - HHH10001012: Connecting with JDBC URL [jdbc:h2:mem:mydb;DB_CLOSE_DELAY=-1;INIT=RUNSCRIPT FROM 'classpath:database.sql']
2025-06-08 13:23:32 [JavaFX Application Thread] INFO  o.hibernate.orm.connections.pooling - HHH10001001: Connection properties: {}
2025-06-08 13:23:32 [JavaFX Application Thread] INFO  o.hibernate.orm.connections.pooling - HHH10001003: Autocommit mode: false
2025-06-08 13:23:32 [JavaFX Application Thread] INFO  o.hibernate.orm.connections.pooling - HHH10001115: Connection pool size: 20 (min=1)
2025-06-08 13:23:33 [JavaFX Application Thread] INFO  o.h.e.t.j.p.i.JtaPlatformInitiator - HHH000489: No JTA platform available (set 'hibernate.transaction.jta.platform' to enable JTA platform integration)
2025-06-08 13:23:33 [JavaFX Application Thread] INFO  o.hibernate.orm.connections.access - HHH10001501: Connection obtained from JdbcConnectionAccess [org.hibernate.engine.jdbc.env.internal.JdbcEnvironmentInitiator$ConnectionProviderJdbcConnectionAccess@382e2fba] for (non-JTA) DDL execution was not in auto-commit mode; the Connection 'local transaction' will be committed and the Connection will be set into auto-commit mode.
2025-06-08 13:25:39 [JavaFX Application Thread] INFO  o.h.jpa.internal.util.LogHelper - HHH000204: Processing PersistenceUnitInfo [name: logbookPU]
2025-06-08 13:25:39 [JavaFX Application Thread] INFO  org.hibernate.Version - HHH000412: Hibernate ORM core version [WORKING]
2025-06-08 13:25:39 [JavaFX Application Thread] INFO  o.h.c.i.RegionFactoryInitiator - HHH000026: Second-level cache disabled
2025-06-08 13:25:39 [JavaFX Application Thread] WARN  o.hibernate.orm.connections.pooling - HHH10001002: Using built-in connection pool (not intended for production use)
2025-06-08 13:25:39 [JavaFX Application Thread] INFO  o.hibernate.orm.connections.pooling - HHH10001005: Loaded JDBC driver class: org.h2.Driver
2025-06-08 13:25:39 [JavaFX Application Thread] INFO  o.hibernate.orm.connections.pooling - HHH10001012: Connecting with JDBC URL [jdbc:h2:mem:mydb;DB_CLOSE_DELAY=-1;INIT=RUNSCRIPT FROM 'classpath:database.sql']
2025-06-08 13:25:39 [JavaFX Application Thread] INFO  o.hibernate.orm.connections.pooling - HHH10001001: Connection properties: {}
2025-06-08 13:25:39 [JavaFX Application Thread] INFO  o.hibernate.orm.connections.pooling - HHH10001003: Autocommit mode: false
2025-06-08 13:25:39 [JavaFX Application Thread] INFO  o.hibernate.orm.connections.pooling - HHH10001115: Connection pool size: 20 (min=1)
2025-06-08 13:25:39 [JavaFX Application Thread] INFO  o.h.e.t.j.p.i.JtaPlatformInitiator - HHH000489: No JTA platform available (set 'hibernate.transaction.jta.platform' to enable JTA platform integration)
2025-06-08 13:25:39 [JavaFX Application Thread] INFO  o.hibernate.orm.connections.access - HHH10001501: Connection obtained from JdbcConnectionAccess [org.hibernate.engine.jdbc.env.internal.JdbcEnvironmentInitiator$ConnectionProviderJdbcConnectionAccess@4042eb33] for (non-JTA) DDL execution was not in auto-commit mode; the Connection 'local transaction' will be committed and the Connection will be set into auto-commit mode.
2025-06-08 13:28:22 [JavaFX Application Thread] INFO  o.h.jpa.internal.util.LogHelper - HHH000204: Processing PersistenceUnitInfo [name: logbookPU]
2025-06-08 13:28:22 [JavaFX Application Thread] INFO  org.hibernate.Version - HHH000412: Hibernate ORM core version [WORKING]
2025-06-08 13:28:22 [JavaFX Application Thread] INFO  o.h.c.i.RegionFactoryInitiator - HHH000026: Second-level cache disabled
2025-06-08 13:28:22 [JavaFX Application Thread] WARN  o.hibernate.orm.connections.pooling - HHH10001002: Using built-in connection pool (not intended for production use)
2025-06-08 13:28:22 [JavaFX Application Thread] INFO  o.hibernate.orm.connections.pooling - HHH10001005: Loaded JDBC driver class: org.h2.Driver
2025-06-08 13:28:22 [JavaFX Application Thread] INFO  o.hibernate.orm.connections.pooling - HHH10001012: Connecting with JDBC URL [jdbc:h2:mem:mydb;DB_CLOSE_DELAY=-1;INIT=RUNSCRIPT FROM 'classpath:database.sql']
2025-06-08 13:28:22 [JavaFX Application Thread] INFO  o.hibernate.orm.connections.pooling - HHH10001001: Connection properties: {}
2025-06-08 13:28:22 [JavaFX Application Thread] INFO  o.hibernate.orm.connections.pooling - HHH10001003: Autocommit mode: false
2025-06-08 13:28:22 [JavaFX Application Thread] INFO  o.hibernate.orm.connections.pooling - HHH10001115: Connection pool size: 20 (min=1)
2025-06-08 13:28:22 [JavaFX Application Thread] INFO  o.h.e.t.j.p.i.JtaPlatformInitiator - HHH000489: No JTA platform available (set 'hibernate.transaction.jta.platform' to enable JTA platform integration)
2025-06-08 13:28:22 [JavaFX Application Thread] INFO  o.hibernate.orm.connections.access - HHH10001501: Connection obtained from JdbcConnectionAccess [org.hibernate.engine.jdbc.env.internal.JdbcEnvironmentInitiator$ConnectionProviderJdbcConnectionAccess@9f97c4a] for (non-JTA) DDL execution was not in auto-commit mode; the Connection 'local transaction' will be committed and the Connection will be set into auto-commit mode.
2025-06-08 13:29:23 [JavaFX Application Thread] INFO  o.h.jpa.internal.util.LogHelper - HHH000204: Processing PersistenceUnitInfo [name: logbookPU]
2025-06-08 13:29:23 [JavaFX Application Thread] INFO  org.hibernate.Version - HHH000412: Hibernate ORM core version [WORKING]
2025-06-08 13:29:23 [JavaFX Application Thread] INFO  o.h.c.i.RegionFactoryInitiator - HHH000026: Second-level cache disabled
2025-06-08 13:29:23 [JavaFX Application Thread] WARN  o.hibernate.orm.connections.pooling - HHH10001002: Using built-in connection pool (not intended for production use)
2025-06-08 13:29:23 [JavaFX Application Thread] INFO  o.hibernate.orm.connections.pooling - HHH10001005: Loaded JDBC driver class: org.h2.Driver
2025-06-08 13:29:23 [JavaFX Application Thread] INFO  o.hibernate.orm.connections.pooling - HHH10001012: Connecting with JDBC URL [jdbc:h2:mem:mydb;DB_CLOSE_DELAY=-1;INIT=RUNSCRIPT FROM 'classpath:database.sql']
2025-06-08 13:29:23 [JavaFX Application Thread] INFO  o.hibernate.orm.connections.pooling - HHH10001001: Connection properties: {}
2025-06-08 13:29:23 [JavaFX Application Thread] INFO  o.hibernate.orm.connections.pooling - HHH10001003: Autocommit mode: false
2025-06-08 13:29:23 [JavaFX Application Thread] INFO  o.hibernate.orm.connections.pooling - HHH10001115: Connection pool size: 20 (min=1)
2025-06-08 13:29:24 [JavaFX Application Thread] INFO  o.h.e.t.j.p.i.JtaPlatformInitiator - HHH000489: No JTA platform available (set 'hibernate.transaction.jta.platform' to enable JTA platform integration)
2025-06-08 13:29:24 [JavaFX Application Thread] INFO  o.hibernate.orm.connections.access - HHH10001501: Connection obtained from JdbcConnectionAccess [org.hibernate.engine.jdbc.env.internal.JdbcEnvironmentInitiator$ConnectionProviderJdbcConnectionAccess@7a55a54a] for (non-JTA) DDL execution was not in auto-commit mode; the Connection 'local transaction' will be committed and the Connection will be set into auto-commit mode.
2025-06-08 13:32:07 [JavaFX Application Thread] INFO  o.h.jpa.internal.util.LogHelper - HHH000204: Processing PersistenceUnitInfo [name: logbookPU]
2025-06-08 13:32:07 [JavaFX Application Thread] INFO  org.hibernate.Version - HHH000412: Hibernate ORM core version [WORKING]
2025-06-08 13:32:07 [JavaFX Application Thread] INFO  o.h.c.i.RegionFactoryInitiator - HHH000026: Second-level cache disabled
2025-06-08 13:32:07 [JavaFX Application Thread] WARN  o.hibernate.orm.connections.pooling - HHH10001002: Using built-in connection pool (not intended for production use)
2025-06-08 13:32:07 [JavaFX Application Thread] INFO  o.hibernate.orm.connections.pooling - HHH10001005: Loaded JDBC driver class: org.h2.Driver
2025-06-08 13:32:07 [JavaFX Application Thread] INFO  o.hibernate.orm.connections.pooling - HHH10001012: Connecting with JDBC URL [jdbc:h2:mem:mydb;DB_CLOSE_DELAY=-1;INIT=RUNSCRIPT FROM 'classpath:database.sql']
2025-06-08 13:32:07 [JavaFX Application Thread] INFO  o.hibernate.orm.connections.pooling - HHH10001001: Connection properties: {}
2025-06-08 13:32:07 [JavaFX Application Thread] INFO  o.hibernate.orm.connections.pooling - HHH10001003: Autocommit mode: false
2025-06-08 13:32:07 [JavaFX Application Thread] INFO  o.hibernate.orm.connections.pooling - HHH10001115: Connection pool size: 20 (min=1)
2025-06-08 13:32:07 [JavaFX Application Thread] INFO  o.h.e.t.j.p.i.JtaPlatformInitiator - HHH000489: No JTA platform available (set 'hibernate.transaction.jta.platform' to enable JTA platform integration)
2025-06-08 13:32:07 [JavaFX Application Thread] INFO  o.hibernate.orm.connections.access - HHH10001501: Connection obtained from JdbcConnectionAccess [org.hibernate.engine.jdbc.env.internal.JdbcEnvironmentInitiator$ConnectionProviderJdbcConnectionAccess@620344ab] for (non-JTA) DDL execution was not in auto-commit mode; the Connection 'local transaction' will be committed and the Connection will be set into auto-commit mode.
2025-06-08 13:33:32 [JavaFX Application Thread] INFO  o.h.jpa.internal.util.LogHelper - HHH000204: Processing PersistenceUnitInfo [name: logbookPU]
2025-06-08 13:33:32 [JavaFX Application Thread] INFO  org.hibernate.Version - HHH000412: Hibernate ORM core version [WORKING]
2025-06-08 13:33:32 [JavaFX Application Thread] INFO  o.h.c.i.RegionFactoryInitiator - HHH000026: Second-level cache disabled
2025-06-08 13:33:32 [JavaFX Application Thread] WARN  o.hibernate.orm.connections.pooling - HHH10001002: Using built-in connection pool (not intended for production use)
2025-06-08 13:33:32 [JavaFX Application Thread] INFO  o.hibernate.orm.connections.pooling - HHH10001005: Loaded JDBC driver class: org.h2.Driver
2025-06-08 13:33:32 [JavaFX Application Thread] INFO  o.hibernate.orm.connections.pooling - HHH10001012: Connecting with JDBC URL [jdbc:h2:mem:mydb;DB_CLOSE_DELAY=-1;INIT=RUNSCRIPT FROM 'classpath:database.sql']
2025-06-08 13:33:32 [JavaFX Application Thread] INFO  o.hibernate.orm.connections.pooling - HHH10001001: Connection properties: {}
2025-06-08 13:33:32 [JavaFX Application Thread] INFO  o.hibernate.orm.connections.pooling - HHH10001003: Autocommit mode: false
2025-06-08 13:33:32 [JavaFX Application Thread] INFO  o.hibernate.orm.connections.pooling - HHH10001115: Connection pool size: 20 (min=1)
2025-06-08 13:33:32 [JavaFX Application Thread] INFO  o.h.e.t.j.p.i.JtaPlatformInitiator - HHH000489: No JTA platform available (set 'hibernate.transaction.jta.platform' to enable JTA platform integration)
2025-06-08 13:33:32 [JavaFX Application Thread] INFO  o.hibernate.orm.connections.access - HHH10001501: Connection obtained from JdbcConnectionAccess [org.hibernate.engine.jdbc.env.internal.JdbcEnvironmentInitiator$ConnectionProviderJdbcConnectionAccess@74f55f12] for (non-JTA) DDL execution was not in auto-commit mode; the Connection 'local transaction' will be committed and the Connection will be set into auto-commit mode.
2025-06-08 13:33:47 [JavaFX Application Thread] INFO  o.h.jpa.internal.util.LogHelper - HHH000204: Processing PersistenceUnitInfo [name: logbookPU]
2025-06-08 13:33:47 [JavaFX Application Thread] INFO  org.hibernate.Version - HHH000412: Hibernate ORM core version [WORKING]
2025-06-08 13:33:47 [JavaFX Application Thread] INFO  o.h.c.i.RegionFactoryInitiator - HHH000026: Second-level cache disabled
2025-06-08 13:33:47 [JavaFX Application Thread] WARN  o.hibernate.orm.connections.pooling - HHH10001002: Using built-in connection pool (not intended for production use)
2025-06-08 13:33:47 [JavaFX Application Thread] INFO  o.hibernate.orm.connections.pooling - HHH10001005: Loaded JDBC driver class: org.h2.Driver
2025-06-08 13:33:47 [JavaFX Application Thread] INFO  o.hibernate.orm.connections.pooling - HHH10001012: Connecting with JDBC URL [jdbc:h2:mem:mydb;DB_CLOSE_DELAY=-1;INIT=RUNSCRIPT FROM 'classpath:database.sql']
2025-06-08 13:33:47 [JavaFX Application Thread] INFO  o.hibernate.orm.connections.pooling - HHH10001001: Connection properties: {}
2025-06-08 13:33:47 [JavaFX Application Thread] INFO  o.hibernate.orm.connections.pooling - HHH10001003: Autocommit mode: false
2025-06-08 13:33:47 [JavaFX Application Thread] INFO  o.hibernate.orm.connections.pooling - HHH10001115: Connection pool size: 20 (min=1)
2025-06-08 13:33:47 [JavaFX Application Thread] INFO  o.h.e.t.j.p.i.JtaPlatformInitiator - HHH000489: No JTA platform available (set 'hibernate.transaction.jta.platform' to enable JTA platform integration)
2025-06-08 13:33:47 [JavaFX Application Thread] INFO  o.hibernate.orm.connections.access - HHH10001501: Connection obtained from JdbcConnectionAccess [org.hibernate.engine.jdbc.env.internal.JdbcEnvironmentInitiator$ConnectionProviderJdbcConnectionAccess@70ac4ecd] for (non-JTA) DDL execution was not in auto-commit mode; the Connection 'local transaction' will be committed and the Connection will be set into auto-commit mode.
2025-06-08 13:35:53 [JavaFX Application Thread] INFO  o.h.jpa.internal.util.LogHelper - HHH000204: Processing PersistenceUnitInfo [name: logbookPU]
2025-06-08 13:35:53 [JavaFX Application Thread] INFO  org.hibernate.Version - HHH000412: Hibernate ORM core version [WORKING]
2025-06-08 13:35:53 [JavaFX Application Thread] INFO  o.h.c.i.RegionFactoryInitiator - HHH000026: Second-level cache disabled
2025-06-08 13:35:54 [JavaFX Application Thread] WARN  o.hibernate.orm.connections.pooling - HHH10001002: Using built-in connection pool (not intended for production use)
2025-06-08 13:35:54 [JavaFX Application Thread] INFO  o.hibernate.orm.connections.pooling - HHH10001005: Loaded JDBC driver class: org.h2.Driver
2025-06-08 13:35:54 [JavaFX Application Thread] INFO  o.hibernate.orm.connections.pooling - HHH10001012: Connecting with JDBC URL [jdbc:h2:mem:mydb;DB_CLOSE_DELAY=-1;INIT=RUNSCRIPT FROM 'classpath:database.sql']
2025-06-08 13:35:54 [JavaFX Application Thread] INFO  o.hibernate.orm.connections.pooling - HHH10001001: Connection properties: {}
2025-06-08 13:35:54 [JavaFX Application Thread] INFO  o.hibernate.orm.connections.pooling - HHH10001003: Autocommit mode: false
2025-06-08 13:35:54 [JavaFX Application Thread] INFO  o.hibernate.orm.connections.pooling - HHH10001115: Connection pool size: 20 (min=1)
2025-06-08 13:35:54 [JavaFX Application Thread] INFO  o.h.e.t.j.p.i.JtaPlatformInitiator - HHH000489: No JTA platform available (set 'hibernate.transaction.jta.platform' to enable JTA platform integration)
2025-06-08 13:35:54 [JavaFX Application Thread] INFO  o.hibernate.orm.connections.access - HHH10001501: Connection obtained from JdbcConnectionAccess [org.hibernate.engine.jdbc.env.internal.JdbcEnvironmentInitiator$ConnectionProviderJdbcConnectionAccess@5651d853] for (non-JTA) DDL execution was not in auto-commit mode; the Connection 'local transaction' will be committed and the Connection will be set into auto-commit mode.
2025-06-08 13:44:38 [JavaFX Application Thread] INFO  o.h.jpa.internal.util.LogHelper - HHH000204: Processing PersistenceUnitInfo [name: logbookPU]
2025-06-08 13:44:38 [JavaFX Application Thread] INFO  org.hibernate.Version - HHH000412: Hibernate ORM core version [WORKING]
2025-06-08 13:44:38 [JavaFX Application Thread] INFO  o.h.c.i.RegionFactoryInitiator - HHH000026: Second-level cache disabled
2025-06-08 13:44:38 [JavaFX Application Thread] WARN  o.hibernate.orm.connections.pooling - HHH10001002: Using built-in connection pool (not intended for production use)
2025-06-08 13:44:38 [JavaFX Application Thread] INFO  o.hibernate.orm.connections.pooling - HHH10001005: Loaded JDBC driver class: org.h2.Driver
2025-06-08 13:44:38 [JavaFX Application Thread] INFO  o.hibernate.orm.connections.pooling - HHH10001012: Connecting with JDBC URL [jdbc:h2:mem:mydb;DB_CLOSE_DELAY=-1;INIT=RUNSCRIPT FROM 'classpath:database.sql']
2025-06-08 13:44:38 [JavaFX Application Thread] INFO  o.hibernate.orm.connections.pooling - HHH10001001: Connection properties: {}
2025-06-08 13:44:38 [JavaFX Application Thread] INFO  o.hibernate.orm.connections.pooling - HHH10001003: Autocommit mode: false
2025-06-08 13:44:38 [JavaFX Application Thread] INFO  o.hibernate.orm.connections.pooling - HHH10001115: Connection pool size: 20 (min=1)
2025-06-08 13:44:39 [JavaFX Application Thread] INFO  o.h.e.t.j.p.i.JtaPlatformInitiator - HHH000489: No JTA platform available (set 'hibernate.transaction.jta.platform' to enable JTA platform integration)
2025-06-08 13:44:39 [JavaFX Application Thread] INFO  o.hibernate.orm.connections.access - HHH10001501: Connection obtained from JdbcConnectionAccess [org.hibernate.engine.jdbc.env.internal.JdbcEnvironmentInitiator$ConnectionProviderJdbcConnectionAccess@35f244c6] for (non-JTA) DDL execution was not in auto-commit mode; the Connection 'local transaction' will be committed and the Connection will be set into auto-commit mode.
2025-06-08 13:46:05 [JavaFX Application Thread] INFO  o.h.jpa.internal.util.LogHelper - HHH000204: Processing PersistenceUnitInfo [name: logbookPU]
2025-06-08 13:46:05 [JavaFX Application Thread] INFO  org.hibernate.Version - HHH000412: Hibernate ORM core version [WORKING]
2025-06-08 13:46:05 [JavaFX Application Thread] INFO  o.h.c.i.RegionFactoryInitiator - HHH000026: Second-level cache disabled
2025-06-08 13:46:05 [JavaFX Application Thread] WARN  o.hibernate.orm.connections.pooling - HHH10001002: Using built-in connection pool (not intended for production use)
2025-06-08 13:46:05 [JavaFX Application Thread] INFO  o.hibernate.orm.connections.pooling - HHH10001005: Loaded JDBC driver class: org.h2.Driver
2025-06-08 13:46:05 [JavaFX Application Thread] INFO  o.hibernate.orm.connections.pooling - HHH10001012: Connecting with JDBC URL [jdbc:h2:mem:mydb;DB_CLOSE_DELAY=-1;INIT=RUNSCRIPT FROM 'classpath:database.sql']
2025-06-08 13:46:05 [JavaFX Application Thread] INFO  o.hibernate.orm.connections.pooling - HHH10001001: Connection properties: {}
2025-06-08 13:46:05 [JavaFX Application Thread] INFO  o.hibernate.orm.connections.pooling - HHH10001003: Autocommit mode: false
2025-06-08 13:46:05 [JavaFX Application Thread] INFO  o.hibernate.orm.connections.pooling - HHH10001115: Connection pool size: 20 (min=1)
2025-06-08 13:46:06 [JavaFX Application Thread] INFO  o.h.e.t.j.p.i.JtaPlatformInitiator - HHH000489: No JTA platform available (set 'hibernate.transaction.jta.platform' to enable JTA platform integration)
2025-06-08 13:46:06 [JavaFX Application Thread] INFO  o.hibernate.orm.connections.access - HHH10001501: Connection obtained from JdbcConnectionAccess [org.hibernate.engine.jdbc.env.internal.JdbcEnvironmentInitiator$ConnectionProviderJdbcConnectionAccess@68c65370] for (non-JTA) DDL execution was not in auto-commit mode; the Connection 'local transaction' will be committed and the Connection will be set into auto-commit mode.
2025-06-08 13:46:08 [JavaFX Application Thread] INFO  o.h.jpa.internal.util.LogHelper - HHH000204: Processing PersistenceUnitInfo [name: logbookPU]
2025-06-08 13:46:08 [JavaFX Application Thread] INFO  o.h.c.i.RegionFactoryInitiator - HHH000026: Second-level cache disabled
2025-06-08 13:46:08 [JavaFX Application Thread] WARN  o.hibernate.orm.connections.pooling - HHH10001002: Using built-in connection pool (not intended for production use)
2025-06-08 13:46:08 [JavaFX Application Thread] INFO  o.hibernate.orm.connections.pooling - HHH10001005: Loaded JDBC driver class: org.h2.Driver
2025-06-08 13:46:08 [JavaFX Application Thread] INFO  o.hibernate.orm.connections.pooling - HHH10001012: Connecting with JDBC URL [jdbc:h2:mem:mydb;DB_CLOSE_DELAY=-1;INIT=RUNSCRIPT FROM 'classpath:database.sql']
2025-06-08 13:46:08 [JavaFX Application Thread] INFO  o.hibernate.orm.connections.pooling - HHH10001001: Connection properties: {}
2025-06-08 13:46:08 [JavaFX Application Thread] INFO  o.hibernate.orm.connections.pooling - HHH10001003: Autocommit mode: false
2025-06-08 13:46:08 [JavaFX Application Thread] INFO  o.hibernate.orm.connections.pooling - HHH10001115: Connection pool size: 20 (min=1)
2025-06-08 13:46:08 [JavaFX Application Thread] WARN  o.h.e.j.e.i.JdbcEnvironmentInitiator - HHH000342: Could not obtain connection to query metadata
java.lang.IllegalStateException: Cannot get a connection as the driver manager is not properly initialized
	at org.hibernate.orm.core@6.4.5.Final/org.hibernate.engine.jdbc.connections.internal.DriverManagerConnectionProviderImpl.getConnection(DriverManagerConnectionProviderImpl.java:259)
	at org.hibernate.orm.core@6.4.5.Final/org.hibernate.engine.jdbc.env.internal.JdbcEnvironmentInitiator$ConnectionProviderJdbcConnectionAccess.obtainConnection(JdbcEnvironmentInitiator.java:428)
	at org.hibernate.orm.core@6.4.5.Final/org.hibernate.resource.transaction.backend.jdbc.internal.JdbcIsolationDelegate.delegateWork(JdbcIsolationDelegate.java:61)
	at org.hibernate.orm.core@6.4.5.Final/org.hibernate.engine.jdbc.env.internal.JdbcEnvironmentInitiator.getJdbcEnvironmentUsingJdbcMetadata(JdbcEnvironmentInitiator.java:276)
	at org.hibernate.orm.core@6.4.5.Final/org.hibernate.engine.jdbc.env.internal.JdbcEnvironmentInitiator.initiateService(JdbcEnvironmentInitiator.java:107)
	at org.hibernate.orm.core@6.4.5.Final/org.hibernate.engine.jdbc.env.internal.JdbcEnvironmentInitiator.initiateService(JdbcEnvironmentInitiator.java:68)
	at org.hibernate.orm.core@6.4.5.Final/org.hibernate.boot.registry.internal.StandardServiceRegistryImpl.initiateService(StandardServiceRegistryImpl.java:130)
	at org.hibernate.orm.core@6.4.5.Final/org.hibernate.service.internal.AbstractServiceRegistryImpl.createService(AbstractServiceRegistryImpl.java:263)
	at org.hibernate.orm.core@6.4.5.Final/org.hibernate.service.internal.AbstractServiceRegistryImpl.initializeService(AbstractServiceRegistryImpl.java:238)
	at org.hibernate.orm.core@6.4.5.Final/org.hibernate.service.internal.AbstractServiceRegistryImpl.getService(AbstractServiceRegistryImpl.java:215)
	at org.hibernate.orm.core@6.4.5.Final/org.hibernate.engine.jdbc.internal.JdbcServicesImpl.configure(JdbcServicesImpl.java:52)
	at org.hibernate.orm.core@6.4.5.Final/org.hibernate.boot.registry.internal.StandardServiceRegistryImpl.configureService(StandardServiceRegistryImpl.java:136)
	at org.hibernate.orm.core@6.4.5.Final/org.hibernate.service.internal.AbstractServiceRegistryImpl.initializeService(AbstractServiceRegistryImpl.java:247)
	at org.hibernate.orm.core@6.4.5.Final/org.hibernate.service.internal.AbstractServiceRegistryImpl.getService(AbstractServiceRegistryImpl.java:215)
	at org.hibernate.orm.core@6.4.5.Final/org.hibernate.engine.jdbc.connections.internal.BasicConnectionCreator.convertSqlException(BasicConnectionCreator.java:133)
	at org.hibernate.orm.core@6.4.5.Final/org.hibernate.engine.jdbc.connections.internal.DriverConnectionCreator.makeConnection(DriverConnectionCreator.java:43)
	at org.hibernate.orm.core@6.4.5.Final/org.hibernate.engine.jdbc.connections.internal.BasicConnectionCreator.createConnection(BasicConnectionCreator.java:61)
	at org.hibernate.orm.core@6.4.5.Final/org.hibernate.engine.jdbc.connections.internal.DriverManagerConnectionProviderImpl$PooledConnections.addConnections(DriverManagerConnectionProviderImpl.java:499)
	at org.hibernate.orm.core@6.4.5.Final/org.hibernate.engine.jdbc.connections.internal.DriverManagerConnectionProviderImpl$PooledConnections.<init>(DriverManagerConnectionProviderImpl.java:372)
	at org.hibernate.orm.core@6.4.5.Final/org.hibernate.engine.jdbc.connections.internal.DriverManagerConnectionProviderImpl$PooledConnections$Builder.build(DriverManagerConnectionProviderImpl.java:550)
	at org.hibernate.orm.core@6.4.5.Final/org.hibernate.engine.jdbc.connections.internal.DriverManagerConnectionProviderImpl.buildPool(DriverManagerConnectionProviderImpl.java:102)
	at org.hibernate.orm.core@6.4.5.Final/org.hibernate.engine.jdbc.connections.internal.DriverManagerConnectionProviderImpl.configure(DriverManagerConnectionProviderImpl.java:82)
	at org.hibernate.orm.core@6.4.5.Final/org.hibernate.boot.registry.internal.StandardServiceRegistryImpl.configureService(StandardServiceRegistryImpl.java:136)
	at org.hibernate.orm.core@6.4.5.Final/org.hibernate.service.internal.AbstractServiceRegistryImpl.initializeService(AbstractServiceRegistryImpl.java:247)
	at org.hibernate.orm.core@6.4.5.Final/org.hibernate.service.internal.AbstractServiceRegistryImpl.getService(AbstractServiceRegistryImpl.java:215)
	at org.hibernate.orm.core@6.4.5.Final/org.hibernate.engine.jdbc.env.internal.JdbcEnvironmentInitiator.buildJdbcConnectionAccess(JdbcEnvironmentInitiator.java:395)
	at org.hibernate.orm.core@6.4.5.Final/org.hibernate.engine.jdbc.env.internal.JdbcEnvironmentInitiator.getJdbcEnvironmentUsingJdbcMetadata(JdbcEnvironmentInitiator.java:262)
	at org.hibernate.orm.core@6.4.5.Final/org.hibernate.engine.jdbc.env.internal.JdbcEnvironmentInitiator.initiateService(JdbcEnvironmentInitiator.java:107)
	at org.hibernate.orm.core@6.4.5.Final/org.hibernate.engine.jdbc.env.internal.JdbcEnvironmentInitiator.initiateService(JdbcEnvironmentInitiator.java:68)
	at org.hibernate.orm.core@6.4.5.Final/org.hibernate.boot.registry.internal.StandardServiceRegistryImpl.initiateService(StandardServiceRegistryImpl.java:130)
	at org.hibernate.orm.core@6.4.5.Final/org.hibernate.service.internal.AbstractServiceRegistryImpl.createService(AbstractServiceRegistryImpl.java:263)
	at org.hibernate.orm.core@6.4.5.Final/org.hibernate.service.internal.AbstractServiceRegistryImpl.initializeService(AbstractServiceRegistryImpl.java:238)
	at org.hibernate.orm.core@6.4.5.Final/org.hibernate.service.internal.AbstractServiceRegistryImpl.getService(AbstractServiceRegistryImpl.java:215)
	at org.hibernate.orm.core@6.4.5.Final/org.hibernate.boot.model.relational.Database.<init>(Database.java:45)
	at org.hibernate.orm.core@6.4.5.Final/org.hibernate.boot.internal.InFlightMetadataCollectorImpl.getDatabase(InFlightMetadataCollectorImpl.java:223)
	at org.hibernate.orm.core@6.4.5.Final/org.hibernate.boot.internal.InFlightMetadataCollectorImpl.<init>(InFlightMetadataCollectorImpl.java:191)
	at org.hibernate.orm.core@6.4.5.Final/org.hibernate.boot.model.process.spi.MetadataBuildingProcess.complete(MetadataBuildingProcess.java:170)
	at org.hibernate.orm.core@6.4.5.Final/org.hibernate.jpa.boot.internal.EntityManagerFactoryBuilderImpl.metadata(EntityManagerFactoryBuilderImpl.java:1432)
	at org.hibernate.orm.core@6.4.5.Final/org.hibernate.jpa.boot.internal.EntityManagerFactoryBuilderImpl.build(EntityManagerFactoryBuilderImpl.java:1503)
	at org.hibernate.orm.core@6.4.5.Final/org.hibernate.jpa.HibernatePersistenceProvider.createEntityManagerFactory(HibernatePersistenceProvider.java:55)
	at jakarta.persistence@3.1.0/jakarta.persistence.Persistence.createEntityManagerFactory(Persistence.java:80)
	at jakarta.persistence@3.1.0/jakarta.persistence.Persistence.createEntityManagerFactory(Persistence.java:55)
	at cz.vse.logbookapp/cz.vse.logbookapp.controller.InsertPonorController.initialize(InsertPonorController.java:47)
	at java.base/jdk.internal.reflect.DirectMethodHandleAccessor.invoke(DirectMethodHandleAccessor.java:103)
	at java.base/java.lang.reflect.Method.invoke(Method.java:580)
	at com.sun.javafx.reflect.Trampoline.invoke(MethodUtil.java:77)
	at java.base/jdk.internal.reflect.DirectMethodHandleAccessor.invoke(DirectMethodHandleAccessor.java:103)
	at java.base/java.lang.reflect.Method.invoke(Method.java:580)
	at javafx.base/com.sun.javafx.reflect.MethodUtil.invoke(MethodUtil.java:275)
	at javafx.fxml/com.sun.javafx.fxml.MethodHelper.invoke(MethodHelper.java:84)
	at javafx.fxml/javafx.fxml.FXMLLoader.loadImpl(FXMLLoader.java:2680)
	at javafx.fxml/javafx.fxml.FXMLLoader.loadImpl(FXMLLoader.java:2555)
	at javafx.fxml/javafx.fxml.FXMLLoader.load(FXMLLoader.java:2523)
	at cz.vse.logbookapp/cz.vse.logbookapp.controller.PonorController.onAddButtonClick(PonorController.java:121)
	at java.base/jdk.internal.reflect.DirectMethodHandleAccessor.invoke(DirectMethodHandleAccessor.java:103)
	at java.base/java.lang.reflect.Method.invoke(Method.java:580)
	at com.sun.javafx.reflect.Trampoline.invoke(MethodUtil.java:77)
	at java.base/jdk.internal.reflect.DirectMethodHandleAccessor.invoke(DirectMethodHandleAccessor.java:103)
	at java.base/java.lang.reflect.Method.invoke(Method.java:580)
	at javafx.base/com.sun.javafx.reflect.MethodUtil.invoke(MethodUtil.java:275)
	at javafx.fxml/com.sun.javafx.fxml.MethodHelper.invoke(MethodHelper.java:84)
	at javafx.fxml/javafx.fxml.FXMLLoader$MethodHandler.invoke(FXMLLoader.java:1852)
	at javafx.fxml/javafx.fxml.FXMLLoader$ControllerMethodEventHandler.handle(FXMLLoader.java:1724)
	at javafx.base/com.sun.javafx.event.CompositeEventHandler.dispatchBubblingEvent(CompositeEventHandler.java:86)
	at javafx.base/com.sun.javafx.event.EventHandlerManager.dispatchBubblingEvent(EventHandlerManager.java:234)
	at javafx.base/com.sun.javafx.event.EventHandlerManager.dispatchBubblingEvent(EventHandlerManager.java:191)
	at javafx.base/com.sun.javafx.event.CompositeEventDispatcher.dispatchBubblingEvent(CompositeEventDispatcher.java:59)
	at javafx.base/com.sun.javafx.event.BasicEventDispatcher.dispatchEvent(BasicEventDispatcher.java:58)
	at javafx.base/com.sun.javafx.event.EventDispatchChainImpl.dispatchEvent(EventDispatchChainImpl.java:114)
	at javafx.base/com.sun.javafx.event.BasicEventDispatcher.dispatchEvent(BasicEventDispatcher.java:56)
	at javafx.base/com.sun.javafx.event.EventDispatchChainImpl.dispatchEvent(EventDispatchChainImpl.java:114)
	at javafx.base/com.sun.javafx.event.BasicEventDispatcher.dispatchEvent(BasicEventDispatcher.java:56)
	at javafx.base/com.sun.javafx.event.EventDispatchChainImpl.dispatchEvent(EventDispatchChainImpl.java:114)
	at javafx.base/com.sun.javafx.event.EventUtil.fireEventImpl(EventUtil.java:74)
	at javafx.base/com.sun.javafx.event.EventUtil.fireEvent(EventUtil.java:49)
	at javafx.base/javafx.event.Event.fireEvent(Event.java:198)
	at javafx.graphics/javafx.scene.Node.fireEvent(Node.java:8792)
	at javafx.controls/javafx.scene.control.Button.fire(Button.java:203)
	at javafx.controls/com.sun.javafx.scene.control.behavior.ButtonBehavior.mouseReleased(ButtonBehavior.java:208)
	at javafx.controls/com.sun.javafx.scene.control.inputmap.InputMap.handle(InputMap.java:274)
	at javafx.base/com.sun.javafx.event.CompositeEventHandler$NormalEventHandlerRecord.handleBubblingEvent(CompositeEventHandler.java:247)
	at javafx.base/com.sun.javafx.event.CompositeEventHandler.dispatchBubblingEvent(CompositeEventHandler.java:80)
	at javafx.base/com.sun.javafx.event.EventHandlerManager.dispatchBubblingEvent(EventHandlerManager.java:234)
	at javafx.base/com.sun.javafx.event.EventHandlerManager.dispatchBubblingEvent(EventHandlerManager.java:191)
	at javafx.base/com.sun.javafx.event.CompositeEventDispatcher.dispatchBubblingEvent(CompositeEventDispatcher.java:59)
	at javafx.base/com.sun.javafx.event.BasicEventDispatcher.dispatchEvent(BasicEventDispatcher.java:58)
	at javafx.base/com.sun.javafx.event.EventDispatchChainImpl.dispatchEvent(EventDispatchChainImpl.java:114)
	at javafx.base/com.sun.javafx.event.BasicEventDispatcher.dispatchEvent(BasicEventDispatcher.java:56)
	at javafx.base/com.sun.javafx.event.EventDispatchChainImpl.dispatchEvent(EventDispatchChainImpl.java:114)
	at javafx.base/com.sun.javafx.event.BasicEventDispatcher.dispatchEvent(BasicEventDispatcher.java:56)
	at javafx.base/com.sun.javafx.event.EventDispatchChainImpl.dispatchEvent(EventDispatchChainImpl.java:114)
	at javafx.base/com.sun.javafx.event.EventUtil.fireEventImpl(EventUtil.java:74)
	at javafx.base/com.sun.javafx.event.EventUtil.fireEvent(EventUtil.java:54)
	at javafx.base/javafx.event.Event.fireEvent(Event.java:198)
	at javafx.graphics/javafx.scene.Scene$MouseHandler.process(Scene.java:3897)
	at javafx.graphics/javafx.scene.Scene.processMouseEvent(Scene.java:1878)
	at javafx.graphics/javafx.scene.Scene$ScenePeerListener.mouseEvent(Scene.java:2623)
	at javafx.graphics/com.sun.javafx.tk.quantum.GlassViewEventHandler$MouseEventNotification.run(GlassViewEventHandler.java:411)
	at javafx.graphics/com.sun.javafx.tk.quantum.GlassViewEventHandler$MouseEventNotification.run(GlassViewEventHandler.java:301)
	at java.base/java.security.AccessController.doPrivileged(AccessController.java:400)
	at javafx.graphics/com.sun.javafx.tk.quantum.GlassViewEventHandler.lambda$handleMouseEvent$2(GlassViewEventHandler.java:450)
	at javafx.graphics/com.sun.javafx.tk.quantum.QuantumToolkit.runWithoutRenderLock(QuantumToolkit.java:424)
	at javafx.graphics/com.sun.javafx.tk.quantum.GlassViewEventHandler.handleMouseEvent(GlassViewEventHandler.java:449)
	at javafx.graphics/com.sun.glass.ui.View.handleMouseEvent(View.java:557)
	at javafx.graphics/com.sun.glass.ui.View.notifyMouse(View.java:943)
	at javafx.graphics/com.sun.glass.ui.mac.MacView.notifyMouse(MacView.java:127)
2025-06-08 13:51:38 [JavaFX Application Thread] INFO  o.h.jpa.internal.util.LogHelper - HHH000204: Processing PersistenceUnitInfo [name: logbookPU]
2025-06-08 13:51:38 [JavaFX Application Thread] INFO  org.hibernate.Version - HHH000412: Hibernate ORM core version [WORKING]
2025-06-08 13:51:38 [JavaFX Application Thread] INFO  o.h.c.i.RegionFactoryInitiator - HHH000026: Second-level cache disabled
2025-06-08 13:51:38 [JavaFX Application Thread] WARN  o.hibernate.orm.connections.pooling - HHH10001002: Using built-in connection pool (not intended for production use)
2025-06-08 13:51:38 [JavaFX Application Thread] INFO  o.hibernate.orm.connections.pooling - HHH10001005: Loaded JDBC driver class: org.h2.Driver
2025-06-08 13:51:38 [JavaFX Application Thread] INFO  o.hibernate.orm.connections.pooling - HHH10001012: Connecting with JDBC URL [jdbc:h2:mem:mydb;DB_CLOSE_DELAY=-1;INIT=RUNSCRIPT FROM 'classpath:database.sql']
2025-06-08 13:51:38 [JavaFX Application Thread] INFO  o.hibernate.orm.connections.pooling - HHH10001001: Connection properties: {}
2025-06-08 13:51:38 [JavaFX Application Thread] INFO  o.hibernate.orm.connections.pooling - HHH10001003: Autocommit mode: false
2025-06-08 13:51:38 [JavaFX Application Thread] INFO  o.hibernate.orm.connections.pooling - HHH10001115: Connection pool size: 20 (min=1)
2025-06-08 13:51:39 [JavaFX Application Thread] INFO  o.h.e.t.j.p.i.JtaPlatformInitiator - HHH000489: No JTA platform available (set 'hibernate.transaction.jta.platform' to enable JTA platform integration)
2025-06-08 13:51:39 [JavaFX Application Thread] INFO  o.hibernate.orm.connections.access - HHH10001501: Connection obtained from JdbcConnectionAccess [org.hibernate.engine.jdbc.env.internal.JdbcEnvironmentInitiator$ConnectionProviderJdbcConnectionAccess@ac5d045] for (non-JTA) DDL execution was not in auto-commit mode; the Connection 'local transaction' will be committed and the Connection will be set into auto-commit mode.
2025-06-08 13:57:13 [JavaFX Application Thread] INFO  o.h.jpa.internal.util.LogHelper - HHH000204: Processing PersistenceUnitInfo [name: logbookPU]
2025-06-08 13:57:13 [JavaFX Application Thread] INFO  org.hibernate.Version - HHH000412: Hibernate ORM core version [WORKING]
2025-06-08 13:57:13 [JavaFX Application Thread] INFO  o.h.c.i.RegionFactoryInitiator - HHH000026: Second-level cache disabled
2025-06-08 13:57:13 [JavaFX Application Thread] WARN  o.hibernate.orm.connections.pooling - HHH10001002: Using built-in connection pool (not intended for production use)
2025-06-08 13:57:13 [JavaFX Application Thread] INFO  o.hibernate.orm.connections.pooling - HHH10001005: Loaded JDBC driver class: org.h2.Driver
2025-06-08 13:57:13 [JavaFX Application Thread] INFO  o.hibernate.orm.connections.pooling - HHH10001012: Connecting with JDBC URL [jdbc:h2:mem:mydb;DB_CLOSE_DELAY=-1;INIT=RUNSCRIPT FROM 'classpath:database.sql']
2025-06-08 13:57:13 [JavaFX Application Thread] INFO  o.hibernate.orm.connections.pooling - HHH10001001: Connection properties: {}
2025-06-08 13:57:13 [JavaFX Application Thread] INFO  o.hibernate.orm.connections.pooling - HHH10001003: Autocommit mode: false
2025-06-08 13:57:13 [JavaFX Application Thread] INFO  o.hibernate.orm.connections.pooling - HHH10001115: Connection pool size: 20 (min=1)
2025-06-08 13:57:13 [JavaFX Application Thread] INFO  o.h.e.t.j.p.i.JtaPlatformInitiator - HHH000489: No JTA platform available (set 'hibernate.transaction.jta.platform' to enable JTA platform integration)
2025-06-08 13:57:13 [JavaFX Application Thread] INFO  o.hibernate.orm.connections.access - HHH10001501: Connection obtained from JdbcConnectionAccess [org.hibernate.engine.jdbc.env.internal.JdbcEnvironmentInitiator$ConnectionProviderJdbcConnectionAccess@5af2e008] for (non-JTA) DDL execution was not in auto-commit mode; the Connection 'local transaction' will be committed and the Connection will be set into auto-commit mode.
2025-06-08 14:01:22 [JavaFX Application Thread] INFO  o.h.jpa.internal.util.LogHelper - HHH000204: Processing PersistenceUnitInfo [name: logbookPU]
2025-06-08 14:01:22 [JavaFX Application Thread] INFO  org.hibernate.Version - HHH000412: Hibernate ORM core version [WORKING]
2025-06-08 14:01:22 [JavaFX Application Thread] INFO  o.h.c.i.RegionFactoryInitiator - HHH000026: Second-level cache disabled
2025-06-08 14:01:22 [JavaFX Application Thread] WARN  o.hibernate.orm.connections.pooling - HHH10001002: Using built-in connection pool (not intended for production use)
2025-06-08 14:01:22 [JavaFX Application Thread] INFO  o.hibernate.orm.connections.pooling - HHH10001005: Loaded JDBC driver class: org.h2.Driver
2025-06-08 14:01:22 [JavaFX Application Thread] INFO  o.hibernate.orm.connections.pooling - HHH10001012: Connecting with JDBC URL [jdbc:h2:mem:mydb;DB_CLOSE_DELAY=-1;INIT=RUNSCRIPT FROM 'classpath:database.sql']
2025-06-08 14:01:22 [JavaFX Application Thread] INFO  o.hibernate.orm.connections.pooling - HHH10001001: Connection properties: {}
2025-06-08 14:01:22 [JavaFX Application Thread] INFO  o.hibernate.orm.connections.pooling - HHH10001003: Autocommit mode: false
2025-06-08 14:01:22 [JavaFX Application Thread] INFO  o.hibernate.orm.connections.pooling - HHH10001115: Connection pool size: 20 (min=1)
2025-06-08 14:01:22 [JavaFX Application Thread] INFO  o.h.e.t.j.p.i.JtaPlatformInitiator - HHH000489: No JTA platform available (set 'hibernate.transaction.jta.platform' to enable JTA platform integration)
2025-06-08 14:01:22 [JavaFX Application Thread] INFO  o.hibernate.orm.connections.access - HHH10001501: Connection obtained from JdbcConnectionAccess [org.hibernate.engine.jdbc.env.internal.JdbcEnvironmentInitiator$ConnectionProviderJdbcConnectionAccess@3161cecb] for (non-JTA) DDL execution was not in auto-commit mode; the Connection 'local transaction' will be committed and the Connection will be set into auto-commit mode.
2025-06-08 14:04:31 [JavaFX Application Thread] INFO  o.h.jpa.internal.util.LogHelper - HHH000204: Processing PersistenceUnitInfo [name: logbookPU]
2025-06-08 14:04:31 [JavaFX Application Thread] INFO  org.hibernate.Version - HHH000412: Hibernate ORM core version [WORKING]
2025-06-08 14:04:31 [JavaFX Application Thread] INFO  o.h.c.i.RegionFactoryInitiator - HHH000026: Second-level cache disabled
2025-06-08 14:04:31 [JavaFX Application Thread] WARN  o.hibernate.orm.connections.pooling - HHH10001002: Using built-in connection pool (not intended for production use)
2025-06-08 14:04:31 [JavaFX Application Thread] INFO  o.hibernate.orm.connections.pooling - HHH10001005: Loaded JDBC driver class: org.h2.Driver
2025-06-08 14:04:31 [JavaFX Application Thread] INFO  o.hibernate.orm.connections.pooling - HHH10001012: Connecting with JDBC URL [jdbc:h2:mem:mydb;DB_CLOSE_DELAY=-1;INIT=RUNSCRIPT FROM 'classpath:database.sql']
2025-06-08 14:04:31 [JavaFX Application Thread] INFO  o.hibernate.orm.connections.pooling - HHH10001001: Connection properties: {}
2025-06-08 14:04:31 [JavaFX Application Thread] INFO  o.hibernate.orm.connections.pooling - HHH10001003: Autocommit mode: false
2025-06-08 14:04:31 [JavaFX Application Thread] INFO  o.hibernate.orm.connections.pooling - HHH10001115: Connection pool size: 20 (min=1)
2025-06-08 14:04:32 [JavaFX Application Thread] INFO  o.h.e.t.j.p.i.JtaPlatformInitiator - HHH000489: No JTA platform available (set 'hibernate.transaction.jta.platform' to enable JTA platform integration)
2025-06-08 14:04:32 [JavaFX Application Thread] INFO  o.hibernate.orm.connections.access - HHH10001501: Connection obtained from JdbcConnectionAccess [org.hibernate.engine.jdbc.env.internal.JdbcEnvironmentInitiator$ConnectionProviderJdbcConnectionAccess@1da21f5d] for (non-JTA) DDL execution was not in auto-commit mode; the Connection 'local transaction' will be committed and the Connection will be set into auto-commit mode.
2025-06-08 16:07:28 [JavaFX Application Thread] INFO  o.h.jpa.internal.util.LogHelper - HHH000204: Processing PersistenceUnitInfo [name: logbookPU]
2025-06-08 16:07:28 [JavaFX Application Thread] INFO  org.hibernate.Version - HHH000412: Hibernate ORM core version [WORKING]
2025-06-08 16:07:28 [JavaFX Application Thread] INFO  o.h.c.i.RegionFactoryInitiator - HHH000026: Second-level cache disabled
2025-06-08 16:07:28 [JavaFX Application Thread] WARN  o.hibernate.orm.connections.pooling - HHH10001002: Using built-in connection pool (not intended for production use)
2025-06-08 16:07:28 [JavaFX Application Thread] INFO  o.hibernate.orm.connections.pooling - HHH10001005: Loaded JDBC driver class: org.h2.Driver
2025-06-08 16:07:28 [JavaFX Application Thread] INFO  o.hibernate.orm.connections.pooling - HHH10001012: Connecting with JDBC URL [jdbc:h2:mem:mydb;DB_CLOSE_DELAY=-1;INIT=RUNSCRIPT FROM 'classpath:database.sql']
2025-06-08 16:07:28 [JavaFX Application Thread] INFO  o.hibernate.orm.connections.pooling - HHH10001001: Connection properties: {}
2025-06-08 16:07:28 [JavaFX Application Thread] INFO  o.hibernate.orm.connections.pooling - HHH10001003: Autocommit mode: false
2025-06-08 16:07:28 [JavaFX Application Thread] INFO  o.hibernate.orm.connections.pooling - HHH10001115: Connection pool size: 20 (min=1)
2025-06-08 16:07:29 [JavaFX Application Thread] INFO  o.h.e.t.j.p.i.JtaPlatformInitiator - HHH000489: No JTA platform available (set 'hibernate.transaction.jta.platform' to enable JTA platform integration)
2025-06-08 16:07:29 [JavaFX Application Thread] INFO  o.hibernate.orm.connections.access - HHH10001501: Connection obtained from JdbcConnectionAccess [org.hibernate.engine.jdbc.env.internal.JdbcEnvironmentInitiator$ConnectionProviderJdbcConnectionAccess@38420aa4] for (non-JTA) DDL execution was not in auto-commit mode; the Connection 'local transaction' will be committed and the Connection will be set into auto-commit mode.
